{"total": {"lines":{"total":2042,"covered":0,"skipped":0,"pct":0},"statements":{"total":2190,"covered":0,"skipped":0,"pct":0},"functions":{"total":630,"covered":0,"skipped":0,"pct":0},"branches":{"total":1661,"covered":0,"skipped":0,"pct":0},"branchesTrue":{"total":0,"covered":0,"skipped":0,"pct":100}}
,"/Users/ribo/Projects/iohk/atala-prism-wallet-sdk-ts/packages/lib/protos/src/common_models.ts": {"lines":{"total":278,"covered":0,"skipped":0,"pct":0},"functions":{"total":84,"covered":0,"skipped":0,"pct":0},"statements":{"total":296,"covered":0,"skipped":0,"pct":0},"branches":{"total":227,"covered":0,"skipped":0,"pct":0}}
,"/Users/ribo/Projects/iohk/atala-prism-wallet-sdk-ts/packages/lib/protos/src/node_models.ts": {"lines":{"total":1718,"covered":0,"skipped":0,"pct":0},"functions":{"total":533,"covered":0,"skipped":0,"pct":0},"statements":{"total":1846,"covered":0,"skipped":0,"pct":0},"branches":{"total":1393,"covered":0,"skipped":0,"pct":0}}
,"/Users/ribo/Projects/iohk/atala-prism-wallet-sdk-ts/packages/lib/protos/src/google/protobuf/timestamp.ts": {"lines":{"total":46,"covered":0,"skipped":0,"pct":0},"functions":{"total":13,"covered":0,"skipped":0,"pct":0},"statements":{"total":48,"covered":0,"skipped":0,"pct":0},"branches":{"total":41,"covered":0,"skipped":0,"pct":0}}
}
