TN:
SF:src/common_models.ts
FN:8,(anonymous_0)
FN:8,(anonymous_1)
FN:8,(anonymous_2)
FN:8,(anonymous_3)
FN:8,(anonymous_4)
FN:9,(anonymous_5)
FN:14,(anonymous_6)
FN:20,(anonymous_7)
FN:29,(anonymous_8)
FN:34,(anonymous_9)
FN:38,(anonymous_10)
FN:44,(anonymous_11)
FN:49,(anonymous_12)
FN:60,(anonymous_13)
FN:63,(anonymous_14)
FN:69,(anonymous_15)
FN:74,(anonymous_16)
FN:78,(anonymous_17)
FN:84,(anonymous_18)
FN:89,(anonymous_19)
FN:100,(anonymous_20)
FN:103,(anonymous_21)
FN:109,(anonymous_22)
FN:128,(anonymous_23)
FN:131,(anonymous_24)
FN:134,(anonymous_25)
FN:137,(anonymous_26)
FN:140,(anonymous_27)
FN:143,(anonymous_28)
FN:146,(anonymous_29)
FN:163,(anonymous_30)
FN:182,(anonymous_31)
FN:193,(anonymous_32)
FN:213,(anonymous_33)
FN:216,(anonymous_34)
FN:222,(anonymous_35)
FN:237,(anonymous_36)
FN:240,(anonymous_37)
FN:243,(anonymous_38)
FN:246,(anonymous_39)
FN:249,(anonymous_40)
FN:252,(anonymous_41)
FN:255,(anonymous_42)
FN:268,(anonymous_43)
FN:283,(anonymous_44)
FN:286,(anonymous_45)
FN:288,(anonymous_46)
FN:292,(anonymous_47)
FN:299,(anonymous_48)
FN:302,(anonymous_49)
FN:309,(anonymous_50)
FN:312,(anonymous_51)
FN:318,(anonymous_52)
FN:337,(anonymous_53)
FN:340,(anonymous_54)
FN:343,(anonymous_55)
FN:346,(anonymous_56)
FN:349,(anonymous_57)
FN:352,(anonymous_58)
FN:355,(anonymous_59)
FN:358,(anonymous_60)
FN:375,(anonymous_61)
FN:394,(anonymous_62)
FN:401,(anonymous_63)
FN:405,(anonymous_64)
FN:418,(anonymous_65)
FN:425,(anonymous_66)
FN:428,(anonymous_67)
FN:434,(anonymous_68)
FN:453,(anonymous_69)
FN:456,(anonymous_70)
FN:459,(anonymous_71)
FN:462,(anonymous_72)
FN:465,(anonymous_73)
FN:468,(anonymous_74)
FN:471,(anonymous_75)
FN:474,(anonymous_76)
FN:491,(anonymous_77)
FN:510,(anonymous_78)
FN:517,(anonymous_79)
FN:521,(anonymous_80)
FN:534,(anonymous_81)
FN:541,(anonymous_82)
FN:544,(anonymous_83)
FNF:84
FNH:0
FNDA:0,(anonymous_0)
FNDA:0,(anonymous_1)
FNDA:0,(anonymous_2)
FNDA:0,(anonymous_3)
FNDA:0,(anonymous_4)
FNDA:0,(anonymous_5)
FNDA:0,(anonymous_6)
FNDA:0,(anonymous_7)
FNDA:0,(anonymous_8)
FNDA:0,(anonymous_9)
FNDA:0,(anonymous_10)
FNDA:0,(anonymous_11)
FNDA:0,(anonymous_12)
FNDA:0,(anonymous_13)
FNDA:0,(anonymous_14)
FNDA:0,(anonymous_15)
FNDA:0,(anonymous_16)
FNDA:0,(anonymous_17)
FNDA:0,(anonymous_18)
FNDA:0,(anonymous_19)
FNDA:0,(anonymous_20)
FNDA:0,(anonymous_21)
FNDA:0,(anonymous_22)
FNDA:0,(anonymous_23)
FNDA:0,(anonymous_24)
FNDA:0,(anonymous_25)
FNDA:0,(anonymous_26)
FNDA:0,(anonymous_27)
FNDA:0,(anonymous_28)
FNDA:0,(anonymous_29)
FNDA:0,(anonymous_30)
FNDA:0,(anonymous_31)
FNDA:0,(anonymous_32)
FNDA:0,(anonymous_33)
FNDA:0,(anonymous_34)
FNDA:0,(anonymous_35)
FNDA:0,(anonymous_36)
FNDA:0,(anonymous_37)
FNDA:0,(anonymous_38)
FNDA:0,(anonymous_39)
FNDA:0,(anonymous_40)
FNDA:0,(anonymous_41)
FNDA:0,(anonymous_42)
FNDA:0,(anonymous_43)
FNDA:0,(anonymous_44)
FNDA:0,(anonymous_45)
FNDA:0,(anonymous_46)
FNDA:0,(anonymous_47)
FNDA:0,(anonymous_48)
FNDA:0,(anonymous_49)
FNDA:0,(anonymous_50)
FNDA:0,(anonymous_51)
FNDA:0,(anonymous_52)
FNDA:0,(anonymous_53)
FNDA:0,(anonymous_54)
FNDA:0,(anonymous_55)
FNDA:0,(anonymous_56)
FNDA:0,(anonymous_57)
FNDA:0,(anonymous_58)
FNDA:0,(anonymous_59)
FNDA:0,(anonymous_60)
FNDA:0,(anonymous_61)
FNDA:0,(anonymous_62)
FNDA:0,(anonymous_63)
FNDA:0,(anonymous_64)
FNDA:0,(anonymous_65)
FNDA:0,(anonymous_66)
FNDA:0,(anonymous_67)
FNDA:0,(anonymous_68)
FNDA:0,(anonymous_69)
FNDA:0,(anonymous_70)
FNDA:0,(anonymous_71)
FNDA:0,(anonymous_72)
FNDA:0,(anonymous_73)
FNDA:0,(anonymous_74)
FNDA:0,(anonymous_75)
FNDA:0,(anonymous_76)
FNDA:0,(anonymous_77)
FNDA:0,(anonymous_78)
FNDA:0,(anonymous_79)
FNDA:0,(anonymous_80)
FNDA:0,(anonymous_81)
FNDA:0,(anonymous_82)
FNDA:0,(anonymous_83)
DA:8,0
DA:9,0
DA:10,0
DA:11,0
DA:12,0
DA:14,0
DA:15,0
DA:16,0
DA:17,0
DA:18,0
DA:20,0
DA:21,0
DA:22,0
DA:23,0
DA:24,0
DA:25,0
DA:27,0
DA:28,0
DA:30,0
DA:31,0
DA:32,0
DA:35,0
DA:36,0
DA:39,0
DA:40,0
DA:45,0
DA:46,0
DA:47,0
DA:50,0
DA:51,0
DA:52,0
DA:53,0
DA:54,0
DA:55,0
DA:58,0
DA:61,0
DA:64,0
DA:67,0
DA:68,0
DA:70,0
DA:71,0
DA:72,0
DA:75,0
DA:76,0
DA:79,0
DA:80,0
DA:85,0
DA:86,0
DA:87,0
DA:90,0
DA:91,0
DA:92,0
DA:93,0
DA:94,0
DA:95,0
DA:98,0
DA:101,0
DA:104,0
DA:107,0
DA:108,0
DA:114,0
DA:115,0
DA:116,0
DA:117,0
DA:118,0
DA:120,0
DA:121,0
DA:123,0
DA:124,0
DA:129,0
DA:132,0
DA:135,0
DA:138,0
DA:141,0
DA:144,0
DA:151,0
DA:152,0
DA:153,0
DA:155,0
DA:156,0
DA:158,0
DA:159,0
DA:161,0
DA:168,0
DA:169,0
DA:170,0
DA:172,0
DA:173,0
DA:175,0
DA:176,0
DA:178,0
DA:183,0
DA:184,0
DA:185,0
DA:186,0
DA:187,0
DA:188,0
DA:189,0
DA:190,0
DA:191,0
DA:194,0
DA:195,0
DA:196,0
DA:197,0
DA:198,0
DA:200,0
DA:201,0
DA:203,0
DA:204,0
DA:206,0
DA:207,0
DA:208,0
DA:211,0
DA:214,0
DA:217,0
DA:220,0
DA:221,0
DA:226,0
DA:227,0
DA:228,0
DA:229,0
DA:230,0
DA:232,0
DA:233,0
DA:238,0
DA:241,0
DA:244,0
DA:247,0
DA:250,0
DA:253,0
DA:259,0
DA:260,0
DA:261,0
DA:263,0
DA:264,0
DA:266,0
DA:272,0
DA:273,0
DA:274,0
DA:276,0
DA:277,0
DA:279,0
DA:284,0
DA:285,0
DA:286,0
DA:287,0
DA:288,0
DA:289,0
DA:290,0
DA:293,0
DA:294,0
DA:295,0
DA:296,0
DA:297,0
DA:299,0
DA:300,0
DA:302,0
DA:303,0
DA:304,0
DA:307,0
DA:310,0
DA:313,0
DA:316,0
DA:317,0
DA:323,0
DA:324,0
DA:325,0
DA:326,0
DA:327,0
DA:329,0
DA:330,0
DA:332,0
DA:333,0
DA:338,0
DA:341,0
DA:344,0
DA:347,0
DA:350,0
DA:353,0
DA:356,0
DA:363,0
DA:364,0
DA:365,0
DA:367,0
DA:368,0
DA:370,0
DA:371,0
DA:373,0
DA:380,0
DA:381,0
DA:382,0
DA:384,0
DA:385,0
DA:387,0
DA:388,0
DA:390,0
DA:395,0
DA:396,0
DA:397,0
DA:398,0
DA:399,0
DA:400,0
DA:401,0
DA:402,0
DA:403,0
DA:406,0
DA:407,0
DA:408,0
DA:409,0
DA:410,0
DA:412,0
DA:413,0
DA:415,0
DA:416,0
DA:418,0
DA:419,0
DA:420,0
DA:423,0
DA:426,0
DA:429,0
DA:432,0
DA:433,0
DA:439,0
DA:440,0
DA:441,0
DA:442,0
DA:443,0
DA:445,0
DA:446,0
DA:448,0
DA:449,0
DA:454,0
DA:457,0
DA:460,0
DA:463,0
DA:466,0
DA:469,0
DA:472,0
DA:479,0
DA:480,0
DA:481,0
DA:483,0
DA:484,0
DA:486,0
DA:487,0
DA:489,0
DA:496,0
DA:497,0
DA:498,0
DA:500,0
DA:501,0
DA:503,0
DA:504,0
DA:506,0
DA:511,0
DA:512,0
DA:513,0
DA:514,0
DA:515,0
DA:516,0
DA:517,0
DA:518,0
DA:519,0
DA:522,0
DA:523,0
DA:524,0
DA:525,0
DA:526,0
DA:528,0
DA:529,0
DA:531,0
DA:532,0
DA:534,0
DA:535,0
DA:536,0
DA:539,0
DA:542,0
DA:545,0
LF:278
LH:0
BRDA:9,0,0,0
BRDA:9,0,1,0
BRDA:14,1,0,0
BRDA:14,1,1,0
BRDA:20,2,0,0
BRDA:20,2,1,0
BRDA:31,3,0,0
BRDA:31,3,1,0
BRDA:32,4,0,0
BRDA:32,4,1,0
BRDA:32,5,0,0
BRDA:32,5,1,0
BRDA:45,6,0,0
BRDA:45,6,1,0
BRDA:46,7,0,0
BRDA:46,7,1,0
BRDA:50,8,0,0
BRDA:50,8,1,0
BRDA:52,9,0,0
BRDA:52,9,1,0
BRDA:54,10,0,0
BRDA:71,11,0,0
BRDA:71,11,1,0
BRDA:72,12,0,0
BRDA:72,12,1,0
BRDA:72,13,0,0
BRDA:72,13,1,0
BRDA:85,14,0,0
BRDA:85,14,1,0
BRDA:86,15,0,0
BRDA:86,15,1,0
BRDA:90,16,0,0
BRDA:90,16,1,0
BRDA:92,17,0,0
BRDA:92,17,1,0
BRDA:94,18,0,0
BRDA:115,19,0,0
BRDA:115,19,1,0
BRDA:116,20,0,0
BRDA:116,20,1,0
BRDA:116,21,0,0
BRDA:116,21,1,0
BRDA:117,22,0,0
BRDA:117,22,1,0
BRDA:117,23,0,0
BRDA:117,23,1,0
BRDA:120,24,0,0
BRDA:120,24,1,0
BRDA:120,25,0,0
BRDA:120,25,1,0
BRDA:123,26,0,0
BRDA:123,26,1,0
BRDA:123,27,0,0
BRDA:123,27,1,0
BRDA:152,28,0,0
BRDA:152,28,1,0
BRDA:155,29,0,0
BRDA:155,29,1,0
BRDA:158,30,0,0
BRDA:158,30,1,0
BRDA:169,31,0,0
BRDA:169,31,1,0
BRDA:172,32,0,0
BRDA:172,32,1,0
BRDA:175,33,0,0
BRDA:175,33,1,0
BRDA:183,34,0,0
BRDA:183,34,1,0
BRDA:184,35,0,0
BRDA:184,35,1,0
BRDA:186,36,0,0
BRDA:186,36,1,0
BRDA:188,37,0,0
BRDA:188,37,1,0
BRDA:190,38,0,0
BRDA:190,38,1,0
BRDA:194,39,0,0
BRDA:194,39,1,0
BRDA:196,40,0,0
BRDA:196,40,1,0
BRDA:198,41,0,0
BRDA:198,41,1,0
BRDA:198,41,2,0
BRDA:198,41,3,0
BRDA:227,42,0,0
BRDA:227,42,1,0
BRDA:228,43,0,0
BRDA:228,43,1,0
BRDA:228,44,0,0
BRDA:228,44,1,0
BRDA:229,45,0,0
BRDA:229,45,1,0
BRDA:229,46,0,0
BRDA:229,46,1,0
BRDA:232,47,0,0
BRDA:232,47,1,0
BRDA:232,48,0,0
BRDA:232,48,1,0
BRDA:260,49,0,0
BRDA:260,49,1,0
BRDA:263,50,0,0
BRDA:263,50,1,0
BRDA:273,51,0,0
BRDA:273,51,1,0
BRDA:276,52,0,0
BRDA:276,52,1,0
BRDA:284,53,0,0
BRDA:284,53,1,0
BRDA:285,54,0,0
BRDA:285,54,1,0
BRDA:287,55,0,0
BRDA:287,55,1,0
BRDA:289,56,0,0
BRDA:289,56,1,0
BRDA:293,57,0,0
BRDA:293,57,1,0
BRDA:295,58,0,0
BRDA:295,58,1,0
BRDA:297,59,0,0
BRDA:297,59,1,0
BRDA:297,59,2,0
BRDA:324,60,0,0
BRDA:324,60,1,0
BRDA:325,61,0,0
BRDA:325,61,1,0
BRDA:325,62,0,0
BRDA:325,62,1,0
BRDA:326,63,0,0
BRDA:326,63,1,0
BRDA:326,64,0,0
BRDA:326,64,1,0
BRDA:329,65,0,0
BRDA:329,65,1,0
BRDA:329,66,0,0
BRDA:329,66,1,0
BRDA:332,67,0,0
BRDA:332,67,1,0
BRDA:332,68,0,0
BRDA:332,68,1,0
BRDA:364,69,0,0
BRDA:364,69,1,0
BRDA:367,70,0,0
BRDA:367,70,1,0
BRDA:370,71,0,0
BRDA:370,71,1,0
BRDA:381,72,0,0
BRDA:381,72,1,0
BRDA:384,73,0,0
BRDA:384,73,1,0
BRDA:387,74,0,0
BRDA:387,74,1,0
BRDA:395,75,0,0
BRDA:395,75,1,0
BRDA:396,76,0,0
BRDA:396,76,1,0
BRDA:398,77,0,0
BRDA:398,77,1,0
BRDA:400,78,0,0
BRDA:400,78,1,0
BRDA:402,79,0,0
BRDA:402,79,1,0
BRDA:406,80,0,0
BRDA:406,80,1,0
BRDA:408,81,0,0
BRDA:408,81,1,0
BRDA:410,82,0,0
BRDA:410,82,1,0
BRDA:410,82,2,0
BRDA:410,82,3,0
BRDA:440,83,0,0
BRDA:440,83,1,0
BRDA:441,84,0,0
BRDA:441,84,1,0
BRDA:441,85,0,0
BRDA:441,85,1,0
BRDA:442,86,0,0
BRDA:442,86,1,0
BRDA:442,87,0,0
BRDA:442,87,1,0
BRDA:445,88,0,0
BRDA:445,88,1,0
BRDA:445,89,0,0
BRDA:445,89,1,0
BRDA:448,90,0,0
BRDA:448,90,1,0
BRDA:448,91,0,0
BRDA:448,91,1,0
BRDA:480,92,0,0
BRDA:480,92,1,0
BRDA:483,93,0,0
BRDA:483,93,1,0
BRDA:486,94,0,0
BRDA:486,94,1,0
BRDA:497,95,0,0
BRDA:497,95,1,0
BRDA:500,96,0,0
BRDA:500,96,1,0
BRDA:503,97,0,0
BRDA:503,97,1,0
BRDA:511,98,0,0
BRDA:511,98,1,0
BRDA:512,99,0,0
BRDA:512,99,1,0
BRDA:514,100,0,0
BRDA:514,100,1,0
BRDA:516,101,0,0
BRDA:516,101,1,0
BRDA:518,102,0,0
BRDA:518,102,1,0
BRDA:522,103,0,0
BRDA:522,103,1,0
BRDA:524,104,0,0
BRDA:524,104,1,0
BRDA:526,105,0,0
BRDA:526,105,1,0
BRDA:526,105,2,0
BRDA:526,105,3,0
BRDA:8,106,0,0
BRDA:8,106,1,0
BRDA:8,107,0,0
BRDA:8,107,1,0
BRDA:8,108,0,0
BRDA:8,108,1,0
BRDA:8,109,0,0
BRDA:8,109,1,0
BRDA:8,110,0,0
BRDA:8,110,1,0
BRF:227
BRH:0
end_of_record
TN:
SF:src/node_models.ts
FN:9,(anonymous_0)
FN:9,(anonymous_1)
FN:9,(anonymous_2)
FN:9,(anonymous_3)
FN:9,(anonymous_4)
FN:10,(anonymous_5)
FN:22,(anonymous_6)
FN:41,(anonymous_7)
FN:44,(anonymous_8)
FN:47,(anonymous_9)
FN:50,(anonymous_10)
FN:53,(anonymous_11)
FN:56,(anonymous_12)
FN:59,(anonymous_13)
FN:62,(anonymous_14)
FN:79,(anonymous_15)
FN:98,(anonymous_16)
FN:105,(anonymous_17)
FN:109,(anonymous_18)
FN:122,(anonymous_19)
FN:129,(anonymous_20)
FN:132,(anonymous_21)
FN:138,(anonymous_22)
FN:149,(anonymous_23)
FN:152,(anonymous_24)
FN:155,(anonymous_25)
FN:160,(anonymous_26)
FN:164,(anonymous_27)
FN:169,(anonymous_28)
FN:175,(anonymous_29)
FN:178,(anonymous_30)
FN:182,(anonymous_31)
FN:189,(anonymous_32)
FN:196,(anonymous_33)
FN:199,(anonymous_34)
FN:205,(anonymous_35)
FN:216,(anonymous_36)
FN:219,(anonymous_37)
FN:222,(anonymous_38)
FN:225,(anonymous_39)
FN:234,(anonymous_40)
FN:245,(anonymous_41)
FN:248,(anonymous_42)
FN:252,(anonymous_43)
FN:259,(anonymous_44)
FN:266,(anonymous_45)
FN:269,(anonymous_46)
FN:275,(anonymous_47)
FN:294,(anonymous_48)
FN:297,(anonymous_49)
FN:300,(anonymous_50)
FN:303,(anonymous_51)
FN:306,(anonymous_52)
FN:309,(anonymous_53)
FN:312,(anonymous_54)
FN:329,(anonymous_55)
FN:348,(anonymous_56)
FN:359,(anonymous_57)
FN:379,(anonymous_58)
FN:382,(anonymous_59)
FN:388,(anonymous_60)
FN:403,(anonymous_61)
FN:406,(anonymous_62)
FN:409,(anonymous_63)
FN:412,(anonymous_64)
FN:415,(anonymous_65)
FN:428,(anonymous_66)
FN:443,(anonymous_67)
FN:452,(anonymous_68)
FN:469,(anonymous_69)
FN:472,(anonymous_70)
FN:478,(anonymous_71)
FN:513,(anonymous_72)
FN:516,(anonymous_73)
FN:519,(anonymous_74)
FN:522,(anonymous_75)
FN:525,(anonymous_76)
FN:528,(anonymous_77)
FN:531,(anonymous_78)
FN:534,(anonymous_79)
FN:537,(anonymous_80)
FN:540,(anonymous_81)
FN:543,(anonymous_82)
FN:546,(anonymous_83)
FN:549,(anonymous_84)
FN:552,(anonymous_85)
FN:555,(anonymous_86)
FN:558,(anonymous_87)
FN:561,(anonymous_88)
FN:571,(anonymous_89)
FN:600,(anonymous_90)
FN:631,(anonymous_91)
FN:638,(anonymous_92)
FN:640,(anonymous_93)
FN:642,(anonymous_94)
FN:644,(anonymous_95)
FN:648,(anonymous_96)
FN:661,(anonymous_97)
FN:664,(anonymous_98)
FN:667,(anonymous_99)
FN:670,(anonymous_100)
FN:677,(anonymous_101)
FN:680,(anonymous_102)
FN:686,(anonymous_103)
FN:705,(anonymous_104)
FN:708,(anonymous_105)
FN:711,(anonymous_106)
FN:714,(anonymous_107)
FN:717,(anonymous_108)
FN:720,(anonymous_109)
FN:723,(anonymous_110)
FN:733,(anonymous_111)
FN:736,(anonymous_112)
FN:740,(anonymous_113)
FN:750,(anonymous_114)
FN:753,(anonymous_115)
FN:759,(anonymous_116)
FN:764,(anonymous_117)
FN:766,(anonymous_118)
FN:770,(anonymous_119)
FN:780,(anonymous_120)
FN:783,(anonymous_121)
FN:790,(anonymous_122)
FN:793,(anonymous_123)
FN:799,(anonymous_124)
FN:810,(anonymous_125)
FN:813,(anonymous_126)
FN:816,(anonymous_127)
FN:819,(anonymous_128)
FN:828,(anonymous_129)
FN:839,(anonymous_130)
FN:842,(anonymous_131)
FN:846,(anonymous_132)
FN:853,(anonymous_133)
FN:860,(anonymous_134)
FN:863,(anonymous_135)
FN:867,(anonymous_136)
FN:870,(anonymous_137)
FN:885,(anonymous_138)
FN:888,(anonymous_139)
FN:891,(anonymous_140)
FN:894,(anonymous_141)
FN:897,(anonymous_142)
FN:903,(anonymous_143)
FN:906,(anonymous_144)
FN:910,(anonymous_145)
FN:916,(anonymous_146)
FN:919,(anonymous_147)
FN:925,(anonymous_148)
FN:928,(anonymous_149)
FN:930,(anonymous_150)
FN:934,(anonymous_151)
FN:941,(anonymous_152)
FN:944,(anonymous_153)
FN:951,(anonymous_154)
FN:954,(anonymous_155)
FN:961,(anonymous_156)
FN:972,(anonymous_157)
FN:975,(anonymous_158)
FN:978,(anonymous_159)
FN:981,(anonymous_160)
FN:990,(anonymous_161)
FN:1001,(anonymous_162)
FN:1004,(anonymous_163)
FN:1008,(anonymous_164)
FN:1015,(anonymous_165)
FN:1022,(anonymous_166)
FN:1025,(anonymous_167)
FN:1031,(anonymous_168)
FN:1042,(anonymous_169)
FN:1045,(anonymous_170)
FN:1048,(anonymous_171)
FN:1057,(anonymous_172)
FN:1068,(anonymous_173)
FN:1075,(anonymous_174)
FN:1089,(anonymous_175)
FN:1092,(anonymous_176)
FN:1098,(anonymous_177)
FN:1109,(anonymous_178)
FN:1112,(anonymous_179)
FN:1115,(anonymous_180)
FN:1118,(anonymous_181)
FN:1127,(anonymous_182)
FN:1138,(anonymous_183)
FN:1141,(anonymous_184)
FN:1145,(anonymous_185)
FN:1152,(anonymous_186)
FN:1159,(anonymous_187)
FN:1162,(anonymous_188)
FN:1168,(anonymous_189)
FN:1179,(anonymous_190)
FN:1182,(anonymous_191)
FN:1185,(anonymous_192)
FN:1194,(anonymous_193)
FN:1205,(anonymous_194)
FN:1212,(anonymous_195)
FN:1226,(anonymous_196)
FN:1229,(anonymous_197)
FN:1235,(anonymous_198)
FN:1254,(anonymous_199)
FN:1257,(anonymous_200)
FN:1260,(anonymous_201)
FN:1263,(anonymous_202)
FN:1266,(anonymous_203)
FN:1269,(anonymous_204)
FN:1272,(anonymous_205)
FN:1289,(anonymous_206)
FN:1308,(anonymous_207)
FN:1319,(anonymous_208)
FN:1339,(anonymous_209)
FN:1342,(anonymous_210)
FN:1348,(anonymous_211)
FN:1399,(anonymous_212)
FN:1402,(anonymous_213)
FN:1405,(anonymous_214)
FN:1408,(anonymous_215)
FN:1411,(anonymous_216)
FN:1414,(anonymous_217)
FN:1417,(anonymous_218)
FN:1420,(anonymous_219)
FN:1423,(anonymous_220)
FN:1426,(anonymous_221)
FN:1429,(anonymous_222)
FN:1432,(anonymous_223)
FN:1435,(anonymous_224)
FN:1438,(anonymous_225)
FN:1441,(anonymous_226)
FN:1444,(anonymous_227)
FN:1457,(anonymous_228)
FN:1482,(anonymous_229)
FN:1509,(anonymous_230)
FN:1512,(anonymous_231)
FN:1514,(anonymous_232)
FN:1516,(anonymous_233)
FN:1518,(anonymous_234)
FN:1520,(anonymous_235)
FN:1524,(anonymous_236)
FN:1531,(anonymous_237)
FN:1534,(anonymous_238)
FN:1537,(anonymous_239)
FN:1540,(anonymous_240)
FN:1543,(anonymous_241)
FN:1550,(anonymous_242)
FN:1553,(anonymous_243)
FN:1559,(anonymous_244)
FN:1578,(anonymous_245)
FN:1581,(anonymous_246)
FN:1584,(anonymous_247)
FN:1587,(anonymous_248)
FN:1590,(anonymous_249)
FN:1593,(anonymous_250)
FN:1596,(anonymous_251)
FN:1609,(anonymous_252)
FN:1613,(anonymous_253)
FN:1626,(anonymous_254)
FN:1632,(anonymous_255)
FN:1639,(anonymous_256)
FN:1643,(anonymous_257)
FN:1656,(anonymous_258)
FN:1663,(anonymous_259)
FN:1666,(anonymous_260)
FN:1672,(anonymous_261)
FN:1687,(anonymous_262)
FN:1690,(anonymous_263)
FN:1693,(anonymous_264)
FN:1696,(anonymous_265)
FN:1699,(anonymous_266)
FN:1712,(anonymous_267)
FN:1727,(anonymous_268)
FN:1736,(anonymous_269)
FN:1753,(anonymous_270)
FN:1756,(anonymous_271)
FN:1762,(anonymous_272)
FN:1773,(anonymous_273)
FN:1776,(anonymous_274)
FN:1779,(anonymous_275)
FN:1782,(anonymous_276)
FN:1791,(anonymous_277)
FN:1802,(anonymous_278)
FN:1805,(anonymous_279)
FN:1809,(anonymous_280)
FN:1816,(anonymous_281)
FN:1823,(anonymous_282)
FN:1826,(anonymous_283)
FN:1832,(anonymous_284)
FN:1851,(anonymous_285)
FN:1854,(anonymous_286)
FN:1857,(anonymous_287)
FN:1860,(anonymous_288)
FN:1863,(anonymous_289)
FN:1866,(anonymous_290)
FN:1869,(anonymous_291)
FN:1886,(anonymous_292)
FN:1905,(anonymous_293)
FN:1916,(anonymous_294)
FN:1936,(anonymous_295)
FN:1939,(anonymous_296)
FN:1945,(anonymous_297)
FN:1960,(anonymous_298)
FN:1963,(anonymous_299)
FN:1966,(anonymous_300)
FN:1969,(anonymous_301)
FN:1972,(anonymous_302)
FN:1975,(anonymous_303)
FN:1988,(anonymous_304)
FN:2003,(anonymous_305)
FN:2008,(anonymous_306)
FN:2012,(anonymous_307)
FN:2022,(anonymous_308)
FN:2029,(anonymous_309)
FN:2032,(anonymous_310)
FN:2038,(anonymous_311)
FN:2053,(anonymous_312)
FN:2056,(anonymous_313)
FN:2059,(anonymous_314)
FN:2062,(anonymous_315)
FN:2065,(anonymous_316)
FN:2078,(anonymous_317)
FN:2093,(anonymous_318)
FN:2102,(anonymous_319)
FN:2119,(anonymous_320)
FN:2122,(anonymous_321)
FN:2128,(anonymous_322)
FN:2147,(anonymous_323)
FN:2150,(anonymous_324)
FN:2153,(anonymous_325)
FN:2156,(anonymous_326)
FN:2159,(anonymous_327)
FN:2162,(anonymous_328)
FN:2165,(anonymous_329)
FN:2168,(anonymous_330)
FN:2185,(anonymous_331)
FN:2204,(anonymous_332)
FN:2211,(anonymous_333)
FN:2215,(anonymous_334)
FN:2228,(anonymous_335)
FN:2235,(anonymous_336)
FN:2238,(anonymous_337)
FN:2244,(anonymous_338)
FN:2259,(anonymous_339)
FN:2262,(anonymous_340)
FN:2265,(anonymous_341)
FN:2268,(anonymous_342)
FN:2271,(anonymous_343)
FN:2284,(anonymous_344)
FN:2299,(anonymous_345)
FN:2308,(anonymous_346)
FN:2325,(anonymous_347)
FN:2328,(anonymous_348)
FN:2334,(anonymous_349)
FN:2400,(anonymous_350)
FN:2403,(anonymous_351)
FN:2406,(anonymous_352)
FN:2409,(anonymous_353)
FN:2412,(anonymous_354)
FN:2415,(anonymous_355)
FN:2418,(anonymous_356)
FN:2421,(anonymous_357)
FN:2424,(anonymous_358)
FN:2427,(anonymous_359)
FN:2430,(anonymous_360)
FN:2433,(anonymous_361)
FN:2436,(anonymous_362)
FN:2439,(anonymous_363)
FN:2442,(anonymous_364)
FN:2445,(anonymous_365)
FN:2448,(anonymous_366)
FN:2451,(anonymous_367)
FN:2454,(anonymous_368)
FN:2468,(anonymous_369)
FN:2497,(anonymous_370)
FN:2528,(anonymous_371)
FN:2531,(anonymous_372)
FN:2533,(anonymous_373)
FN:2535,(anonymous_374)
FN:2537,(anonymous_375)
FN:2539,(anonymous_376)
FN:2541,(anonymous_377)
FN:2545,(anonymous_378)
FN:2552,(anonymous_379)
FN:2555,(anonymous_380)
FN:2558,(anonymous_381)
FN:2561,(anonymous_382)
FN:2564,(anonymous_383)
FN:2567,(anonymous_384)
FN:2574,(anonymous_385)
FN:2577,(anonymous_386)
FN:2583,(anonymous_387)
FN:2602,(anonymous_388)
FN:2605,(anonymous_389)
FN:2608,(anonymous_390)
FN:2611,(anonymous_391)
FN:2614,(anonymous_392)
FN:2617,(anonymous_393)
FN:2620,(anonymous_394)
FN:2623,(anonymous_395)
FN:2640,(anonymous_396)
FN:2659,(anonymous_397)
FN:2666,(anonymous_398)
FN:2670,(anonymous_399)
FN:2683,(anonymous_400)
FN:2690,(anonymous_401)
FN:2693,(anonymous_402)
FN:2699,(anonymous_403)
FN:2718,(anonymous_404)
FN:2721,(anonymous_405)
FN:2724,(anonymous_406)
FN:2727,(anonymous_407)
FN:2730,(anonymous_408)
FN:2733,(anonymous_409)
FN:2736,(anonymous_410)
FN:2739,(anonymous_411)
FN:2756,(anonymous_412)
FN:2775,(anonymous_413)
FN:2782,(anonymous_414)
FN:2786,(anonymous_415)
FN:2799,(anonymous_416)
FN:2806,(anonymous_417)
FN:2809,(anonymous_418)
FN:2815,(anonymous_419)
FN:2893,(anonymous_420)
FN:2896,(anonymous_421)
FN:2899,(anonymous_422)
FN:2902,(anonymous_423)
FN:2905,(anonymous_424)
FN:2908,(anonymous_425)
FN:2911,(anonymous_426)
FN:2914,(anonymous_427)
FN:2917,(anonymous_428)
FN:2920,(anonymous_429)
FN:2923,(anonymous_430)
FN:2926,(anonymous_431)
FN:2929,(anonymous_432)
FN:2932,(anonymous_433)
FN:2935,(anonymous_434)
FN:2938,(anonymous_435)
FN:2941,(anonymous_436)
FN:2944,(anonymous_437)
FN:2947,(anonymous_438)
FN:2950,(anonymous_439)
FN:2953,(anonymous_440)
FN:2956,(anonymous_441)
FN:2959,(anonymous_442)
FN:2962,(anonymous_443)
FN:2965,(anonymous_444)
FN:2979,(anonymous_445)
FN:2989,(anonymous_446)
FN:3026,(anonymous_447)
FN:3065,(anonymous_448)
FN:3068,(anonymous_449)
FN:3070,(anonymous_450)
FN:3072,(anonymous_451)
FN:3074,(anonymous_452)
FN:3076,(anonymous_453)
FN:3078,(anonymous_454)
FN:3086,(anonymous_455)
FN:3093,(anonymous_456)
FN:3096,(anonymous_457)
FN:3099,(anonymous_458)
FN:3102,(anonymous_459)
FN:3105,(anonymous_460)
FN:3108,(anonymous_461)
FN:3121,(anonymous_462)
FN:3124,(anonymous_463)
FN:3130,(anonymous_464)
FN:3141,(anonymous_465)
FN:3144,(anonymous_466)
FN:3147,(anonymous_467)
FN:3156,(anonymous_468)
FN:3167,(anonymous_469)
FN:3174,(anonymous_470)
FN:3188,(anonymous_471)
FN:3191,(anonymous_472)
FN:3197,(anonymous_473)
FN:3208,(anonymous_474)
FN:3211,(anonymous_475)
FN:3214,(anonymous_476)
FN:3223,(anonymous_477)
FN:3234,(anonymous_478)
FN:3241,(anonymous_479)
FN:3255,(anonymous_480)
FN:3258,(anonymous_481)
FN:3264,(anonymous_482)
FN:3269,(anonymous_483)
FN:3273,(anonymous_484)
FN:3279,(anonymous_485)
FN:3284,(anonymous_486)
FN:3295,(anonymous_487)
FN:3298,(anonymous_488)
FN:3304,(anonymous_489)
FN:3309,(anonymous_490)
FN:3313,(anonymous_491)
FN:3319,(anonymous_492)
FN:3324,(anonymous_493)
FN:3335,(anonymous_494)
FN:3338,(anonymous_495)
FN:3344,(anonymous_496)
FN:3349,(anonymous_497)
FN:3353,(anonymous_498)
FN:3359,(anonymous_499)
FN:3364,(anonymous_500)
FN:3375,(anonymous_501)
FN:3378,(anonymous_502)
FN:3384,(anonymous_503)
FN:3389,(anonymous_504)
FN:3393,(anonymous_505)
FN:3399,(anonymous_506)
FN:3404,(anonymous_507)
FN:3415,(anonymous_508)
FN:3418,(anonymous_509)
FN:3424,(anonymous_510)
FN:3451,(anonymous_511)
FN:3454,(anonymous_512)
FN:3457,(anonymous_513)
FN:3460,(anonymous_514)
FN:3463,(anonymous_515)
FN:3466,(anonymous_516)
FN:3469,(anonymous_517)
FN:3472,(anonymous_518)
FN:3475,(anonymous_519)
FN:3478,(anonymous_520)
FN:3481,(anonymous_521)
FN:3484,(anonymous_522)
FN:3487,(anonymous_523)
FN:3512,(anonymous_524)
FN:3539,(anonymous_525)
FN:3548,(anonymous_526)
FN:3550,(anonymous_527)
FN:3554,(anonymous_528)
FN:3570,(anonymous_529)
FN:3573,(anonymous_530)
FN:3580,(anonymous_531)
FN:3583,(anonymous_532)
FNF:533
FNH:0
FNDA:0,(anonymous_0)
FNDA:0,(anonymous_1)
FNDA:0,(anonymous_2)
FNDA:0,(anonymous_3)
FNDA:0,(anonymous_4)
FNDA:0,(anonymous_5)
FNDA:0,(anonymous_6)
FNDA:0,(anonymous_7)
FNDA:0,(anonymous_8)
FNDA:0,(anonymous_9)
FNDA:0,(anonymous_10)
FNDA:0,(anonymous_11)
FNDA:0,(anonymous_12)
FNDA:0,(anonymous_13)
FNDA:0,(anonymous_14)
FNDA:0,(anonymous_15)
FNDA:0,(anonymous_16)
FNDA:0,(anonymous_17)
FNDA:0,(anonymous_18)
FNDA:0,(anonymous_19)
FNDA:0,(anonymous_20)
FNDA:0,(anonymous_21)
FNDA:0,(anonymous_22)
FNDA:0,(anonymous_23)
FNDA:0,(anonymous_24)
FNDA:0,(anonymous_25)
FNDA:0,(anonymous_26)
FNDA:0,(anonymous_27)
FNDA:0,(anonymous_28)
FNDA:0,(anonymous_29)
FNDA:0,(anonymous_30)
FNDA:0,(anonymous_31)
FNDA:0,(anonymous_32)
FNDA:0,(anonymous_33)
FNDA:0,(anonymous_34)
FNDA:0,(anonymous_35)
FNDA:0,(anonymous_36)
FNDA:0,(anonymous_37)
FNDA:0,(anonymous_38)
FNDA:0,(anonymous_39)
FNDA:0,(anonymous_40)
FNDA:0,(anonymous_41)
FNDA:0,(anonymous_42)
FNDA:0,(anonymous_43)
FNDA:0,(anonymous_44)
FNDA:0,(anonymous_45)
FNDA:0,(anonymous_46)
FNDA:0,(anonymous_47)
FNDA:0,(anonymous_48)
FNDA:0,(anonymous_49)
FNDA:0,(anonymous_50)
FNDA:0,(anonymous_51)
FNDA:0,(anonymous_52)
FNDA:0,(anonymous_53)
FNDA:0,(anonymous_54)
FNDA:0,(anonymous_55)
FNDA:0,(anonymous_56)
FNDA:0,(anonymous_57)
FNDA:0,(anonymous_58)
FNDA:0,(anonymous_59)
FNDA:0,(anonymous_60)
FNDA:0,(anonymous_61)
FNDA:0,(anonymous_62)
FNDA:0,(anonymous_63)
FNDA:0,(anonymous_64)
FNDA:0,(anonymous_65)
FNDA:0,(anonymous_66)
FNDA:0,(anonymous_67)
FNDA:0,(anonymous_68)
FNDA:0,(anonymous_69)
FNDA:0,(anonymous_70)
FNDA:0,(anonymous_71)
FNDA:0,(anonymous_72)
FNDA:0,(anonymous_73)
FNDA:0,(anonymous_74)
FNDA:0,(anonymous_75)
FNDA:0,(anonymous_76)
FNDA:0,(anonymous_77)
FNDA:0,(anonymous_78)
FNDA:0,(anonymous_79)
FNDA:0,(anonymous_80)
FNDA:0,(anonymous_81)
FNDA:0,(anonymous_82)
FNDA:0,(anonymous_83)
FNDA:0,(anonymous_84)
FNDA:0,(anonymous_85)
FNDA:0,(anonymous_86)
FNDA:0,(anonymous_87)
FNDA:0,(anonymous_88)
FNDA:0,(anonymous_89)
FNDA:0,(anonymous_90)
FNDA:0,(anonymous_91)
FNDA:0,(anonymous_92)
FNDA:0,(anonymous_93)
FNDA:0,(anonymous_94)
FNDA:0,(anonymous_95)
FNDA:0,(anonymous_96)
FNDA:0,(anonymous_97)
FNDA:0,(anonymous_98)
FNDA:0,(anonymous_99)
FNDA:0,(anonymous_100)
FNDA:0,(anonymous_101)
FNDA:0,(anonymous_102)
FNDA:0,(anonymous_103)
FNDA:0,(anonymous_104)
FNDA:0,(anonymous_105)
FNDA:0,(anonymous_106)
FNDA:0,(anonymous_107)
FNDA:0,(anonymous_108)
FNDA:0,(anonymous_109)
FNDA:0,(anonymous_110)
FNDA:0,(anonymous_111)
FNDA:0,(anonymous_112)
FNDA:0,(anonymous_113)
FNDA:0,(anonymous_114)
FNDA:0,(anonymous_115)
FNDA:0,(anonymous_116)
FNDA:0,(anonymous_117)
FNDA:0,(anonymous_118)
FNDA:0,(anonymous_119)
FNDA:0,(anonymous_120)
FNDA:0,(anonymous_121)
FNDA:0,(anonymous_122)
FNDA:0,(anonymous_123)
FNDA:0,(anonymous_124)
FNDA:0,(anonymous_125)
FNDA:0,(anonymous_126)
FNDA:0,(anonymous_127)
FNDA:0,(anonymous_128)
FNDA:0,(anonymous_129)
FNDA:0,(anonymous_130)
FNDA:0,(anonymous_131)
FNDA:0,(anonymous_132)
FNDA:0,(anonymous_133)
FNDA:0,(anonymous_134)
FNDA:0,(anonymous_135)
FNDA:0,(anonymous_136)
FNDA:0,(anonymous_137)
FNDA:0,(anonymous_138)
FNDA:0,(anonymous_139)
FNDA:0,(anonymous_140)
FNDA:0,(anonymous_141)
FNDA:0,(anonymous_142)
FNDA:0,(anonymous_143)
FNDA:0,(anonymous_144)
FNDA:0,(anonymous_145)
FNDA:0,(anonymous_146)
FNDA:0,(anonymous_147)
FNDA:0,(anonymous_148)
FNDA:0,(anonymous_149)
FNDA:0,(anonymous_150)
FNDA:0,(anonymous_151)
FNDA:0,(anonymous_152)
FNDA:0,(anonymous_153)
FNDA:0,(anonymous_154)
FNDA:0,(anonymous_155)
FNDA:0,(anonymous_156)
FNDA:0,(anonymous_157)
FNDA:0,(anonymous_158)
FNDA:0,(anonymous_159)
FNDA:0,(anonymous_160)
FNDA:0,(anonymous_161)
FNDA:0,(anonymous_162)
FNDA:0,(anonymous_163)
FNDA:0,(anonymous_164)
FNDA:0,(anonymous_165)
FNDA:0,(anonymous_166)
FNDA:0,(anonymous_167)
FNDA:0,(anonymous_168)
FNDA:0,(anonymous_169)
FNDA:0,(anonymous_170)
FNDA:0,(anonymous_171)
FNDA:0,(anonymous_172)
FNDA:0,(anonymous_173)
FNDA:0,(anonymous_174)
FNDA:0,(anonymous_175)
FNDA:0,(anonymous_176)
FNDA:0,(anonymous_177)
FNDA:0,(anonymous_178)
FNDA:0,(anonymous_179)
FNDA:0,(anonymous_180)
FNDA:0,(anonymous_181)
FNDA:0,(anonymous_182)
FNDA:0,(anonymous_183)
FNDA:0,(anonymous_184)
FNDA:0,(anonymous_185)
FNDA:0,(anonymous_186)
FNDA:0,(anonymous_187)
FNDA:0,(anonymous_188)
FNDA:0,(anonymous_189)
FNDA:0,(anonymous_190)
FNDA:0,(anonymous_191)
FNDA:0,(anonymous_192)
FNDA:0,(anonymous_193)
FNDA:0,(anonymous_194)
FNDA:0,(anonymous_195)
FNDA:0,(anonymous_196)
FNDA:0,(anonymous_197)
FNDA:0,(anonymous_198)
FNDA:0,(anonymous_199)
FNDA:0,(anonymous_200)
FNDA:0,(anonymous_201)
FNDA:0,(anonymous_202)
FNDA:0,(anonymous_203)
FNDA:0,(anonymous_204)
FNDA:0,(anonymous_205)
FNDA:0,(anonymous_206)
FNDA:0,(anonymous_207)
FNDA:0,(anonymous_208)
FNDA:0,(anonymous_209)
FNDA:0,(anonymous_210)
FNDA:0,(anonymous_211)
FNDA:0,(anonymous_212)
FNDA:0,(anonymous_213)
FNDA:0,(anonymous_214)
FNDA:0,(anonymous_215)
FNDA:0,(anonymous_216)
FNDA:0,(anonymous_217)
FNDA:0,(anonymous_218)
FNDA:0,(anonymous_219)
FNDA:0,(anonymous_220)
FNDA:0,(anonymous_221)
FNDA:0,(anonymous_222)
FNDA:0,(anonymous_223)
FNDA:0,(anonymous_224)
FNDA:0,(anonymous_225)
FNDA:0,(anonymous_226)
FNDA:0,(anonymous_227)
FNDA:0,(anonymous_228)
FNDA:0,(anonymous_229)
FNDA:0,(anonymous_230)
FNDA:0,(anonymous_231)
FNDA:0,(anonymous_232)
FNDA:0,(anonymous_233)
FNDA:0,(anonymous_234)
FNDA:0,(anonymous_235)
FNDA:0,(anonymous_236)
FNDA:0,(anonymous_237)
FNDA:0,(anonymous_238)
FNDA:0,(anonymous_239)
FNDA:0,(anonymous_240)
FNDA:0,(anonymous_241)
FNDA:0,(anonymous_242)
FNDA:0,(anonymous_243)
FNDA:0,(anonymous_244)
FNDA:0,(anonymous_245)
FNDA:0,(anonymous_246)
FNDA:0,(anonymous_247)
FNDA:0,(anonymous_248)
FNDA:0,(anonymous_249)
FNDA:0,(anonymous_250)
FNDA:0,(anonymous_251)
FNDA:0,(anonymous_252)
FNDA:0,(anonymous_253)
FNDA:0,(anonymous_254)
FNDA:0,(anonymous_255)
FNDA:0,(anonymous_256)
FNDA:0,(anonymous_257)
FNDA:0,(anonymous_258)
FNDA:0,(anonymous_259)
FNDA:0,(anonymous_260)
FNDA:0,(anonymous_261)
FNDA:0,(anonymous_262)
FNDA:0,(anonymous_263)
FNDA:0,(anonymous_264)
FNDA:0,(anonymous_265)
FNDA:0,(anonymous_266)
FNDA:0,(anonymous_267)
FNDA:0,(anonymous_268)
FNDA:0,(anonymous_269)
FNDA:0,(anonymous_270)
FNDA:0,(anonymous_271)
FNDA:0,(anonymous_272)
FNDA:0,(anonymous_273)
FNDA:0,(anonymous_274)
FNDA:0,(anonymous_275)
FNDA:0,(anonymous_276)
FNDA:0,(anonymous_277)
FNDA:0,(anonymous_278)
FNDA:0,(anonymous_279)
FNDA:0,(anonymous_280)
FNDA:0,(anonymous_281)
FNDA:0,(anonymous_282)
FNDA:0,(anonymous_283)
FNDA:0,(anonymous_284)
FNDA:0,(anonymous_285)
FNDA:0,(anonymous_286)
FNDA:0,(anonymous_287)
FNDA:0,(anonymous_288)
FNDA:0,(anonymous_289)
FNDA:0,(anonymous_290)
FNDA:0,(anonymous_291)
FNDA:0,(anonymous_292)
FNDA:0,(anonymous_293)
FNDA:0,(anonymous_294)
FNDA:0,(anonymous_295)
FNDA:0,(anonymous_296)
FNDA:0,(anonymous_297)
FNDA:0,(anonymous_298)
FNDA:0,(anonymous_299)
FNDA:0,(anonymous_300)
FNDA:0,(anonymous_301)
FNDA:0,(anonymous_302)
FNDA:0,(anonymous_303)
FNDA:0,(anonymous_304)
FNDA:0,(anonymous_305)
FNDA:0,(anonymous_306)
FNDA:0,(anonymous_307)
FNDA:0,(anonymous_308)
FNDA:0,(anonymous_309)
FNDA:0,(anonymous_310)
FNDA:0,(anonymous_311)
FNDA:0,(anonymous_312)
FNDA:0,(anonymous_313)
FNDA:0,(anonymous_314)
FNDA:0,(anonymous_315)
FNDA:0,(anonymous_316)
FNDA:0,(anonymous_317)
FNDA:0,(anonymous_318)
FNDA:0,(anonymous_319)
FNDA:0,(anonymous_320)
FNDA:0,(anonymous_321)
FNDA:0,(anonymous_322)
FNDA:0,(anonymous_323)
FNDA:0,(anonymous_324)
FNDA:0,(anonymous_325)
FNDA:0,(anonymous_326)
FNDA:0,(anonymous_327)
FNDA:0,(anonymous_328)
FNDA:0,(anonymous_329)
FNDA:0,(anonymous_330)
FNDA:0,(anonymous_331)
FNDA:0,(anonymous_332)
FNDA:0,(anonymous_333)
FNDA:0,(anonymous_334)
FNDA:0,(anonymous_335)
FNDA:0,(anonymous_336)
FNDA:0,(anonymous_337)
FNDA:0,(anonymous_338)
FNDA:0,(anonymous_339)
FNDA:0,(anonymous_340)
FNDA:0,(anonymous_341)
FNDA:0,(anonymous_342)
FNDA:0,(anonymous_343)
FNDA:0,(anonymous_344)
FNDA:0,(anonymous_345)
FNDA:0,(anonymous_346)
FNDA:0,(anonymous_347)
FNDA:0,(anonymous_348)
FNDA:0,(anonymous_349)
FNDA:0,(anonymous_350)
FNDA:0,(anonymous_351)
FNDA:0,(anonymous_352)
FNDA:0,(anonymous_353)
FNDA:0,(anonymous_354)
FNDA:0,(anonymous_355)
FNDA:0,(anonymous_356)
FNDA:0,(anonymous_357)
FNDA:0,(anonymous_358)
FNDA:0,(anonymous_359)
FNDA:0,(anonymous_360)
FNDA:0,(anonymous_361)
FNDA:0,(anonymous_362)
FNDA:0,(anonymous_363)
FNDA:0,(anonymous_364)
FNDA:0,(anonymous_365)
FNDA:0,(anonymous_366)
FNDA:0,(anonymous_367)
FNDA:0,(anonymous_368)
FNDA:0,(anonymous_369)
FNDA:0,(anonymous_370)
FNDA:0,(anonymous_371)
FNDA:0,(anonymous_372)
FNDA:0,(anonymous_373)
FNDA:0,(anonymous_374)
FNDA:0,(anonymous_375)
FNDA:0,(anonymous_376)
FNDA:0,(anonymous_377)
FNDA:0,(anonymous_378)
FNDA:0,(anonymous_379)
FNDA:0,(anonymous_380)
FNDA:0,(anonymous_381)
FNDA:0,(anonymous_382)
FNDA:0,(anonymous_383)
FNDA:0,(anonymous_384)
FNDA:0,(anonymous_385)
FNDA:0,(anonymous_386)
FNDA:0,(anonymous_387)
FNDA:0,(anonymous_388)
FNDA:0,(anonymous_389)
FNDA:0,(anonymous_390)
FNDA:0,(anonymous_391)
FNDA:0,(anonymous_392)
FNDA:0,(anonymous_393)
FNDA:0,(anonymous_394)
FNDA:0,(anonymous_395)
FNDA:0,(anonymous_396)
FNDA:0,(anonymous_397)
FNDA:0,(anonymous_398)
FNDA:0,(anonymous_399)
FNDA:0,(anonymous_400)
FNDA:0,(anonymous_401)
FNDA:0,(anonymous_402)
FNDA:0,(anonymous_403)
FNDA:0,(anonymous_404)
FNDA:0,(anonymous_405)
FNDA:0,(anonymous_406)
FNDA:0,(anonymous_407)
FNDA:0,(anonymous_408)
FNDA:0,(anonymous_409)
FNDA:0,(anonymous_410)
FNDA:0,(anonymous_411)
FNDA:0,(anonymous_412)
FNDA:0,(anonymous_413)
FNDA:0,(anonymous_414)
FNDA:0,(anonymous_415)
FNDA:0,(anonymous_416)
FNDA:0,(anonymous_417)
FNDA:0,(anonymous_418)
FNDA:0,(anonymous_419)
FNDA:0,(anonymous_420)
FNDA:0,(anonymous_421)
FNDA:0,(anonymous_422)
FNDA:0,(anonymous_423)
FNDA:0,(anonymous_424)
FNDA:0,(anonymous_425)
FNDA:0,(anonymous_426)
FNDA:0,(anonymous_427)
FNDA:0,(anonymous_428)
FNDA:0,(anonymous_429)
FNDA:0,(anonymous_430)
FNDA:0,(anonymous_431)
FNDA:0,(anonymous_432)
FNDA:0,(anonymous_433)
FNDA:0,(anonymous_434)
FNDA:0,(anonymous_435)
FNDA:0,(anonymous_436)
FNDA:0,(anonymous_437)
FNDA:0,(anonymous_438)
FNDA:0,(anonymous_439)
FNDA:0,(anonymous_440)
FNDA:0,(anonymous_441)
FNDA:0,(anonymous_442)
FNDA:0,(anonymous_443)
FNDA:0,(anonymous_444)
FNDA:0,(anonymous_445)
FNDA:0,(anonymous_446)
FNDA:0,(anonymous_447)
FNDA:0,(anonymous_448)
FNDA:0,(anonymous_449)
FNDA:0,(anonymous_450)
FNDA:0,(anonymous_451)
FNDA:0,(anonymous_452)
FNDA:0,(anonymous_453)
FNDA:0,(anonymous_454)
FNDA:0,(anonymous_455)
FNDA:0,(anonymous_456)
FNDA:0,(anonymous_457)
FNDA:0,(anonymous_458)
FNDA:0,(anonymous_459)
FNDA:0,(anonymous_460)
FNDA:0,(anonymous_461)
FNDA:0,(anonymous_462)
FNDA:0,(anonymous_463)
FNDA:0,(anonymous_464)
FNDA:0,(anonymous_465)
FNDA:0,(anonymous_466)
FNDA:0,(anonymous_467)
FNDA:0,(anonymous_468)
FNDA:0,(anonymous_469)
FNDA:0,(anonymous_470)
FNDA:0,(anonymous_471)
FNDA:0,(anonymous_472)
FNDA:0,(anonymous_473)
FNDA:0,(anonymous_474)
FNDA:0,(anonymous_475)
FNDA:0,(anonymous_476)
FNDA:0,(anonymous_477)
FNDA:0,(anonymous_478)
FNDA:0,(anonymous_479)
FNDA:0,(anonymous_480)
FNDA:0,(anonymous_481)
FNDA:0,(anonymous_482)
FNDA:0,(anonymous_483)
FNDA:0,(anonymous_484)
FNDA:0,(anonymous_485)
FNDA:0,(anonymous_486)
FNDA:0,(anonymous_487)
FNDA:0,(anonymous_488)
FNDA:0,(anonymous_489)
FNDA:0,(anonymous_490)
FNDA:0,(anonymous_491)
FNDA:0,(anonymous_492)
FNDA:0,(anonymous_493)
FNDA:0,(anonymous_494)
FNDA:0,(anonymous_495)
FNDA:0,(anonymous_496)
FNDA:0,(anonymous_497)
FNDA:0,(anonymous_498)
FNDA:0,(anonymous_499)
FNDA:0,(anonymous_500)
FNDA:0,(anonymous_501)
FNDA:0,(anonymous_502)
FNDA:0,(anonymous_503)
FNDA:0,(anonymous_504)
FNDA:0,(anonymous_505)
FNDA:0,(anonymous_506)
FNDA:0,(anonymous_507)
FNDA:0,(anonymous_508)
FNDA:0,(anonymous_509)
FNDA:0,(anonymous_510)
FNDA:0,(anonymous_511)
FNDA:0,(anonymous_512)
FNDA:0,(anonymous_513)
FNDA:0,(anonymous_514)
FNDA:0,(anonymous_515)
FNDA:0,(anonymous_516)
FNDA:0,(anonymous_517)
FNDA:0,(anonymous_518)
FNDA:0,(anonymous_519)
FNDA:0,(anonymous_520)
FNDA:0,(anonymous_521)
FNDA:0,(anonymous_522)
FNDA:0,(anonymous_523)
FNDA:0,(anonymous_524)
FNDA:0,(anonymous_525)
FNDA:0,(anonymous_526)
FNDA:0,(anonymous_527)
FNDA:0,(anonymous_528)
FNDA:0,(anonymous_529)
FNDA:0,(anonymous_530)
FNDA:0,(anonymous_531)
FNDA:0,(anonymous_532)
DA:9,0
DA:10,0
DA:11,0
DA:12,0
DA:13,0
DA:14,0
DA:15,0
DA:16,0
DA:17,0
DA:18,0
DA:20,0
DA:21,0
DA:27,0
DA:28,0
DA:29,0
DA:30,0
DA:31,0
DA:33,0
DA:34,0
DA:36,0
DA:37,0
DA:42,0
DA:45,0
DA:48,0
DA:51,0
DA:54,0
DA:57,0
DA:60,0
DA:67,0
DA:68,0
DA:69,0
DA:71,0
DA:72,0
DA:74,0
DA:75,0
DA:77,0
DA:84,0
DA:85,0
DA:86,0
DA:88,0
DA:89,0
DA:91,0
DA:92,0
DA:94,0
DA:99,0
DA:100,0
DA:101,0
DA:102,0
DA:103,0
DA:104,0
DA:105,0
DA:106,0
DA:107,0
DA:110,0
DA:111,0
DA:112,0
DA:113,0
DA:114,0
DA:116,0
DA:117,0
DA:119,0
DA:120,0
DA:122,0
DA:123,0
DA:124,0
DA:127,0
DA:130,0
DA:133,0
DA:136,0
DA:137,0
DA:141,0
DA:142,0
DA:143,0
DA:144,0
DA:145,0
DA:150,0
DA:153,0
DA:158,0
DA:159,0
DA:160,0
DA:162,0
DA:167,0
DA:168,0
DA:169,0
DA:171,0
DA:176,0
DA:177,0
DA:178,0
DA:179,0
DA:180,0
DA:183,0
DA:184,0
DA:185,0
DA:186,0
DA:187,0
DA:189,0
DA:190,0
DA:191,0
DA:194,0
DA:197,0
DA:200,0
DA:203,0
DA:204,0
DA:208,0
DA:209,0
DA:210,0
DA:211,0
DA:212,0
DA:217,0
DA:220,0
DA:223,0
DA:228,0
DA:229,0
DA:230,0
DA:232,0
DA:237,0
DA:238,0
DA:239,0
DA:241,0
DA:246,0
DA:247,0
DA:248,0
DA:249,0
DA:250,0
DA:253,0
DA:254,0
DA:255,0
DA:256,0
DA:257,0
DA:259,0
DA:260,0
DA:261,0
DA:264,0
DA:267,0
DA:270,0
DA:273,0
DA:274,0
DA:280,0
DA:281,0
DA:282,0
DA:283,0
DA:284,0
DA:286,0
DA:287,0
DA:289,0
DA:290,0
DA:295,0
DA:298,0
DA:301,0
DA:304,0
DA:307,0
DA:310,0
DA:317,0
DA:318,0
DA:319,0
DA:321,0
DA:322,0
DA:324,0
DA:325,0
DA:327,0
DA:334,0
DA:335,0
DA:336,0
DA:338,0
DA:339,0
DA:341,0
DA:342,0
DA:344,0
DA:349,0
DA:350,0
DA:351,0
DA:352,0
DA:353,0
DA:354,0
DA:355,0
DA:356,0
DA:357,0
DA:360,0
DA:361,0
DA:362,0
DA:363,0
DA:364,0
DA:366,0
DA:367,0
DA:369,0
DA:370,0
DA:372,0
DA:373,0
DA:374,0
DA:377,0
DA:380,0
DA:383,0
DA:386,0
DA:387,0
DA:392,0
DA:393,0
DA:394,0
DA:395,0
DA:396,0
DA:398,0
DA:399,0
DA:404,0
DA:407,0
DA:410,0
DA:413,0
DA:419,0
DA:420,0
DA:421,0
DA:423,0
DA:424,0
DA:426,0
DA:432,0
DA:433,0
DA:434,0
DA:436,0
DA:437,0
DA:439,0
DA:444,0
DA:445,0
DA:446,0
DA:447,0
DA:448,0
DA:449,0
DA:450,0
DA:453,0
DA:454,0
DA:455,0
DA:456,0
DA:457,0
DA:459,0
DA:460,0
DA:462,0
DA:463,0
DA:464,0
DA:467,0
DA:470,0
DA:473,0
DA:476,0
DA:477,0
DA:490,0
DA:491,0
DA:492,0
DA:493,0
DA:494,0
DA:496,0
DA:497,0
DA:499,0
DA:500,0
DA:502,0
DA:503,0
DA:505,0
DA:506,0
DA:508,0
DA:509,0
DA:514,0
DA:517,0
DA:520,0
DA:523,0
DA:526,0
DA:529,0
DA:532,0
DA:535,0
DA:538,0
DA:541,0
DA:544,0
DA:547,0
DA:550,0
DA:553,0
DA:556,0
DA:559,0
DA:564,0
DA:569,0
DA:579,0
DA:580,0
DA:581,0
DA:583,0
DA:584,0
DA:586,0
DA:587,0
DA:589,0
DA:590,0
DA:592,0
DA:593,0
DA:595,0
DA:596,0
DA:598,0
DA:608,0
DA:609,0
DA:610,0
DA:612,0
DA:613,0
DA:615,0
DA:616,0
DA:618,0
DA:619,0
DA:621,0
DA:622,0
DA:624,0
DA:625,0
DA:627,0
DA:632,0
DA:633,0
DA:634,0
DA:635,0
DA:636,0
DA:637,0
DA:638,0
DA:639,0
DA:640,0
DA:641,0
DA:642,0
DA:643,0
DA:644,0
DA:645,0
DA:646,0
DA:649,0
DA:650,0
DA:651,0
DA:652,0
DA:653,0
DA:655,0
DA:656,0
DA:658,0
DA:659,0
DA:661,0
DA:662,0
DA:664,0
DA:665,0
DA:667,0
DA:668,0
DA:670,0
DA:671,0
DA:672,0
DA:675,0
DA:678,0
DA:681,0
DA:684,0
DA:685,0
DA:691,0
DA:692,0
DA:693,0
DA:694,0
DA:695,0
DA:697,0
DA:698,0
DA:700,0
DA:701,0
DA:706,0
DA:709,0
DA:712,0
DA:715,0
DA:718,0
DA:721,0
DA:728,0
DA:729,0
DA:730,0
DA:732,0
DA:733,0
DA:735,0
DA:736,0
DA:738,0
DA:745,0
DA:746,0
DA:747,0
DA:749,0
DA:750,0
DA:752,0
DA:753,0
DA:755,0
DA:760,0
DA:761,0
DA:762,0
DA:763,0
DA:764,0
DA:765,0
DA:766,0
DA:767,0
DA:768,0
DA:771,0
DA:772,0
DA:773,0
DA:774,0
DA:775,0
DA:777,0
DA:778,0
DA:780,0
DA:781,0
DA:783,0
DA:784,0
DA:785,0
DA:788,0
DA:791,0
DA:794,0
DA:797,0
DA:798,0
DA:802,0
DA:803,0
DA:804,0
DA:805,0
DA:806,0
DA:811,0
DA:814,0
DA:817,0
DA:822,0
DA:823,0
DA:824,0
DA:826,0
DA:831,0
DA:832,0
DA:833,0
DA:835,0
DA:840,0
DA:841,0
DA:842,0
DA:843,0
DA:844,0
DA:847,0
DA:848,0
DA:849,0
DA:850,0
DA:851,0
DA:853,0
DA:854,0
DA:855,0
DA:858,0
DA:861,0
DA:864,0
DA:867,0
DA:868,0
DA:869,0
DA:874,0
DA:875,0
DA:876,0
DA:877,0
DA:878,0
DA:880,0
DA:881,0
DA:886,0
DA:889,0
DA:892,0
DA:895,0
DA:901,0
DA:902,0
DA:903,0
DA:905,0
DA:906,0
DA:908,0
DA:914,0
DA:915,0
DA:916,0
DA:918,0
DA:919,0
DA:921,0
DA:926,0
DA:927,0
DA:928,0
DA:929,0
DA:930,0
DA:931,0
DA:932,0
DA:935,0
DA:936,0
DA:937,0
DA:938,0
DA:939,0
DA:941,0
DA:942,0
DA:944,0
DA:945,0
DA:946,0
DA:949,0
DA:952,0
DA:955,0
DA:959,0
DA:960,0
DA:964,0
DA:965,0
DA:966,0
DA:967,0
DA:968,0
DA:973,0
DA:976,0
DA:979,0
DA:984,0
DA:985,0
DA:986,0
DA:988,0
DA:993,0
DA:994,0
DA:995,0
DA:997,0
DA:1002,0
DA:1003,0
DA:1004,0
DA:1005,0
DA:1006,0
DA:1009,0
DA:1010,0
DA:1011,0
DA:1012,0
DA:1013,0
DA:1015,0
DA:1016,0
DA:1017,0
DA:1020,0
DA:1023,0
DA:1026,0
DA:1029,0
DA:1030,0
DA:1034,0
DA:1035,0
DA:1036,0
DA:1037,0
DA:1038,0
DA:1043,0
DA:1046,0
DA:1051,0
DA:1052,0
DA:1053,0
DA:1055,0
DA:1060,0
DA:1061,0
DA:1062,0
DA:1064,0
DA:1069,0
DA:1070,0
DA:1071,0
DA:1072,0
DA:1073,0
DA:1076,0
DA:1077,0
DA:1078,0
DA:1079,0
DA:1080,0
DA:1082,0
DA:1083,0
DA:1084,0
DA:1087,0
DA:1090,0
DA:1093,0
DA:1096,0
DA:1097,0
DA:1101,0
DA:1102,0
DA:1103,0
DA:1104,0
DA:1105,0
DA:1110,0
DA:1113,0
DA:1116,0
DA:1121,0
DA:1122,0
DA:1123,0
DA:1125,0
DA:1130,0
DA:1131,0
DA:1132,0
DA:1134,0
DA:1139,0
DA:1140,0
DA:1141,0
DA:1142,0
DA:1143,0
DA:1146,0
DA:1147,0
DA:1148,0
DA:1149,0
DA:1150,0
DA:1152,0
DA:1153,0
DA:1154,0
DA:1157,0
DA:1160,0
DA:1163,0
DA:1166,0
DA:1167,0
DA:1171,0
DA:1172,0
DA:1173,0
DA:1174,0
DA:1175,0
DA:1180,0
DA:1183,0
DA:1188,0
DA:1189,0
DA:1190,0
DA:1192,0
DA:1197,0
DA:1198,0
DA:1199,0
DA:1201,0
DA:1206,0
DA:1207,0
DA:1208,0
DA:1209,0
DA:1210,0
DA:1213,0
DA:1214,0
DA:1215,0
DA:1216,0
DA:1217,0
DA:1219,0
DA:1220,0
DA:1221,0
DA:1224,0
DA:1227,0
DA:1230,0
DA:1233,0
DA:1234,0
DA:1240,0
DA:1241,0
DA:1242,0
DA:1243,0
DA:1244,0
DA:1246,0
DA:1247,0
DA:1249,0
DA:1250,0
DA:1255,0
DA:1258,0
DA:1261,0
DA:1264,0
DA:1267,0
DA:1270,0
DA:1277,0
DA:1278,0
DA:1279,0
DA:1281,0
DA:1282,0
DA:1284,0
DA:1285,0
DA:1287,0
DA:1294,0
DA:1295,0
DA:1296,0
DA:1298,0
DA:1299,0
DA:1301,0
DA:1302,0
DA:1304,0
DA:1309,0
DA:1310,0
DA:1311,0
DA:1312,0
DA:1313,0
DA:1314,0
DA:1315,0
DA:1316,0
DA:1317,0
DA:1320,0
DA:1321,0
DA:1322,0
DA:1323,0
DA:1324,0
DA:1326,0
DA:1327,0
DA:1329,0
DA:1330,0
DA:1332,0
DA:1333,0
DA:1334,0
DA:1337,0
DA:1340,0
DA:1343,0
DA:1346,0
DA:1347,0
DA:1379,0
DA:1380,0
DA:1381,0
DA:1382,0
DA:1383,0
DA:1385,0
DA:1386,0
DA:1388,0
DA:1389,0
DA:1391,0
DA:1392,0
DA:1394,0
DA:1395,0
DA:1400,0
DA:1403,0
DA:1406,0
DA:1409,0
DA:1412,0
DA:1415,0
DA:1418,0
DA:1421,0
DA:1424,0
DA:1427,0
DA:1430,0
DA:1433,0
DA:1436,0
DA:1439,0
DA:1442,0
DA:1447,0
DA:1455,0
DA:1464,0
DA:1465,0
DA:1466,0
DA:1468,0
DA:1469,0
DA:1471,0
DA:1472,0
DA:1474,0
DA:1475,0
DA:1477,0
DA:1478,0
DA:1480,0
DA:1489,0
DA:1490,0
DA:1491,0
DA:1493,0
DA:1494,0
DA:1496,0
DA:1497,0
DA:1499,0
DA:1500,0
DA:1502,0
DA:1503,0
DA:1505,0
DA:1510,0
DA:1511,0
DA:1512,0
DA:1513,0
DA:1514,0
DA:1515,0
DA:1516,0
DA:1517,0
DA:1518,0
DA:1519,0
DA:1520,0
DA:1521,0
DA:1522,0
DA:1525,0
DA:1526,0
DA:1527,0
DA:1528,0
DA:1529,0
DA:1531,0
DA:1532,0
DA:1534,0
DA:1535,0
DA:1537,0
DA:1538,0
DA:1540,0
DA:1541,0
DA:1543,0
DA:1544,0
DA:1545,0
DA:1548,0
DA:1551,0
DA:1554,0
DA:1557,0
DA:1558,0
DA:1564,0
DA:1565,0
DA:1566,0
DA:1567,0
DA:1568,0
DA:1570,0
DA:1571,0
DA:1573,0
DA:1574,0
DA:1579,0
DA:1582,0
DA:1585,0
DA:1588,0
DA:1591,0
DA:1594,0
DA:1601,0
DA:1602,0
DA:1603,0
DA:1605,0
DA:1606,0
DA:1608,0
DA:1609,0
DA:1611,0
DA:1618,0
DA:1619,0
DA:1620,0
DA:1622,0
DA:1623,0
DA:1625,0
DA:1626,0
DA:1628,0
DA:1633,0
DA:1634,0
DA:1635,0
DA:1636,0
DA:1637,0
DA:1638,0
DA:1639,0
DA:1640,0
DA:1641,0
DA:1644,0
DA:1645,0
DA:1646,0
DA:1647,0
DA:1648,0
DA:1650,0
DA:1651,0
DA:1653,0
DA:1654,0
DA:1656,0
DA:1657,0
DA:1658,0
DA:1661,0
DA:1664,0
DA:1667,0
DA:1670,0
DA:1671,0
DA:1676,0
DA:1677,0
DA:1678,0
DA:1679,0
DA:1680,0
DA:1682,0
DA:1683,0
DA:1688,0
DA:1691,0
DA:1694,0
DA:1697,0
DA:1703,0
DA:1704,0
DA:1705,0
DA:1707,0
DA:1708,0
DA:1710,0
DA:1716,0
DA:1717,0
DA:1718,0
DA:1720,0
DA:1721,0
DA:1723,0
DA:1728,0
DA:1729,0
DA:1730,0
DA:1731,0
DA:1732,0
DA:1733,0
DA:1734,0
DA:1737,0
DA:1738,0
DA:1739,0
DA:1740,0
DA:1741,0
DA:1743,0
DA:1744,0
DA:1746,0
DA:1747,0
DA:1748,0
DA:1751,0
DA:1754,0
DA:1757,0
DA:1760,0
DA:1761,0
DA:1765,0
DA:1766,0
DA:1767,0
DA:1768,0
DA:1769,0
DA:1774,0
DA:1777,0
DA:1780,0
DA:1785,0
DA:1786,0
DA:1787,0
DA:1789,0
DA:1794,0
DA:1795,0
DA:1796,0
DA:1798,0
DA:1803,0
DA:1804,0
DA:1805,0
DA:1806,0
DA:1807,0
DA:1810,0
DA:1811,0
DA:1812,0
DA:1813,0
DA:1814,0
DA:1816,0
DA:1817,0
DA:1818,0
DA:1821,0
DA:1824,0
DA:1827,0
DA:1830,0
DA:1831,0
DA:1837,0
DA:1838,0
DA:1839,0
DA:1840,0
DA:1841,0
DA:1843,0
DA:1844,0
DA:1846,0
DA:1847,0
DA:1852,0
DA:1855,0
DA:1858,0
DA:1861,0
DA:1864,0
DA:1867,0
DA:1874,0
DA:1875,0
DA:1876,0
DA:1878,0
DA:1879,0
DA:1881,0
DA:1882,0
DA:1884,0
DA:1891,0
DA:1892,0
DA:1893,0
DA:1895,0
DA:1896,0
DA:1898,0
DA:1899,0
DA:1901,0
DA:1906,0
DA:1907,0
DA:1908,0
DA:1909,0
DA:1910,0
DA:1911,0
DA:1912,0
DA:1913,0
DA:1914,0
DA:1917,0
DA:1918,0
DA:1919,0
DA:1920,0
DA:1921,0
DA:1923,0
DA:1924,0
DA:1926,0
DA:1927,0
DA:1929,0
DA:1930,0
DA:1931,0
DA:1934,0
DA:1937,0
DA:1940,0
DA:1943,0
DA:1944,0
DA:1949,0
DA:1950,0
DA:1951,0
DA:1952,0
DA:1953,0
DA:1955,0
DA:1956,0
DA:1961,0
DA:1964,0
DA:1967,0
DA:1970,0
DA:1973,0
DA:1979,0
DA:1980,0
DA:1981,0
DA:1983,0
DA:1984,0
DA:1986,0
DA:1992,0
DA:1993,0
DA:1994,0
DA:1996,0
DA:1997,0
DA:1999,0
DA:2004,0
DA:2005,0
DA:2006,0
DA:2007,0
DA:2008,0
DA:2009,0
DA:2010,0
DA:2013,0
DA:2014,0
DA:2015,0
DA:2016,0
DA:2017,0
DA:2019,0
DA:2020,0
DA:2022,0
DA:2023,0
DA:2024,0
DA:2027,0
DA:2030,0
DA:2033,0
DA:2036,0
DA:2037,0
DA:2042,0
DA:2043,0
DA:2044,0
DA:2045,0
DA:2046,0
DA:2048,0
DA:2049,0
DA:2054,0
DA:2057,0
DA:2060,0
DA:2063,0
DA:2069,0
DA:2070,0
DA:2071,0
DA:2073,0
DA:2074,0
DA:2076,0
DA:2082,0
DA:2083,0
DA:2084,0
DA:2086,0
DA:2087,0
DA:2089,0
DA:2094,0
DA:2095,0
DA:2096,0
DA:2097,0
DA:2098,0
DA:2099,0
DA:2100,0
DA:2103,0
DA:2104,0
DA:2105,0
DA:2106,0
DA:2107,0
DA:2109,0
DA:2110,0
DA:2112,0
DA:2113,0
DA:2114,0
DA:2117,0
DA:2120,0
DA:2123,0
DA:2126,0
DA:2127,0
DA:2133,0
DA:2134,0
DA:2135,0
DA:2136,0
DA:2137,0
DA:2139,0
DA:2140,0
DA:2142,0
DA:2143,0
DA:2148,0
DA:2151,0
DA:2154,0
DA:2157,0
DA:2160,0
DA:2163,0
DA:2166,0
DA:2173,0
DA:2174,0
DA:2175,0
DA:2177,0
DA:2178,0
DA:2180,0
DA:2181,0
DA:2183,0
DA:2190,0
DA:2191,0
DA:2192,0
DA:2194,0
DA:2195,0
DA:2197,0
DA:2198,0
DA:2200,0
DA:2205,0
DA:2206,0
DA:2207,0
DA:2208,0
DA:2209,0
DA:2210,0
DA:2211,0
DA:2212,0
DA:2213,0
DA:2216,0
DA:2217,0
DA:2218,0
DA:2219,0
DA:2220,0
DA:2222,0
DA:2223,0
DA:2225,0
DA:2226,0
DA:2228,0
DA:2229,0
DA:2230,0
DA:2233,0
DA:2236,0
DA:2239,0
DA:2242,0
DA:2243,0
DA:2248,0
DA:2249,0
DA:2250,0
DA:2251,0
DA:2252,0
DA:2254,0
DA:2255,0
DA:2260,0
DA:2263,0
DA:2266,0
DA:2269,0
DA:2275,0
DA:2276,0
DA:2277,0
DA:2279,0
DA:2280,0
DA:2282,0
DA:2288,0
DA:2289,0
DA:2290,0
DA:2292,0
DA:2293,0
DA:2295,0
DA:2300,0
DA:2301,0
DA:2302,0
DA:2303,0
DA:2304,0
DA:2305,0
DA:2306,0
DA:2309,0
DA:2310,0
DA:2311,0
DA:2312,0
DA:2313,0
DA:2315,0
DA:2316,0
DA:2318,0
DA:2319,0
DA:2320,0
DA:2323,0
DA:2326,0
DA:2329,0
DA:2332,0
DA:2333,0
DA:2377,0
DA:2378,0
DA:2379,0
DA:2380,0
DA:2381,0
DA:2383,0
DA:2384,0
DA:2386,0
DA:2387,0
DA:2389,0
DA:2390,0
DA:2392,0
DA:2393,0
DA:2395,0
DA:2396,0
DA:2401,0
DA:2404,0
DA:2407,0
DA:2410,0
DA:2413,0
DA:2416,0
DA:2419,0
DA:2422,0
DA:2425,0
DA:2428,0
DA:2431,0
DA:2434,0
DA:2437,0
DA:2440,0
DA:2443,0
DA:2446,0
DA:2449,0
DA:2452,0
DA:2457,0
DA:2466,0
DA:2476,0
DA:2477,0
DA:2478,0
DA:2480,0
DA:2481,0
DA:2483,0
DA:2484,0
DA:2486,0
DA:2487,0
DA:2489,0
DA:2490,0
DA:2492,0
DA:2493,0
DA:2495,0
DA:2505,0
DA:2506,0
DA:2507,0
DA:2509,0
DA:2510,0
DA:2512,0
DA:2513,0
DA:2515,0
DA:2516,0
DA:2518,0
DA:2519,0
DA:2521,0
DA:2522,0
DA:2524,0
DA:2529,0
DA:2530,0
DA:2531,0
DA:2532,0
DA:2533,0
DA:2534,0
DA:2535,0
DA:2536,0
DA:2537,0
DA:2538,0
DA:2539,0
DA:2540,0
DA:2541,0
DA:2542,0
DA:2543,0
DA:2546,0
DA:2547,0
DA:2548,0
DA:2549,0
DA:2550,0
DA:2552,0
DA:2553,0
DA:2555,0
DA:2556,0
DA:2558,0
DA:2559,0
DA:2561,0
DA:2562,0
DA:2564,0
DA:2565,0
DA:2567,0
DA:2568,0
DA:2569,0
DA:2572,0
DA:2575,0
DA:2578,0
DA:2581,0
DA:2582,0
DA:2588,0
DA:2589,0
DA:2590,0
DA:2591,0
DA:2592,0
DA:2594,0
DA:2595,0
DA:2597,0
DA:2598,0
DA:2603,0
DA:2606,0
DA:2609,0
DA:2612,0
DA:2615,0
DA:2618,0
DA:2621,0
DA:2628,0
DA:2629,0
DA:2630,0
DA:2632,0
DA:2633,0
DA:2635,0
DA:2636,0
DA:2638,0
DA:2645,0
DA:2646,0
DA:2647,0
DA:2649,0
DA:2650,0
DA:2652,0
DA:2653,0
DA:2655,0
DA:2660,0
DA:2661,0
DA:2662,0
DA:2663,0
DA:2664,0
DA:2665,0
DA:2666,0
DA:2667,0
DA:2668,0
DA:2671,0
DA:2672,0
DA:2673,0
DA:2674,0
DA:2675,0
DA:2677,0
DA:2678,0
DA:2680,0
DA:2681,0
DA:2683,0
DA:2684,0
DA:2685,0
DA:2688,0
DA:2691,0
DA:2694,0
DA:2697,0
DA:2698,0
DA:2704,0
DA:2705,0
DA:2706,0
DA:2707,0
DA:2708,0
DA:2710,0
DA:2711,0
DA:2713,0
DA:2714,0
DA:2719,0
DA:2722,0
DA:2725,0
DA:2728,0
DA:2731,0
DA:2734,0
DA:2737,0
DA:2744,0
DA:2745,0
DA:2746,0
DA:2748,0
DA:2749,0
DA:2751,0
DA:2752,0
DA:2754,0
DA:2761,0
DA:2762,0
DA:2763,0
DA:2765,0
DA:2766,0
DA:2768,0
DA:2769,0
DA:2771,0
DA:2776,0
DA:2777,0
DA:2778,0
DA:2779,0
DA:2780,0
DA:2781,0
DA:2782,0
DA:2783,0
DA:2784,0
DA:2787,0
DA:2788,0
DA:2789,0
DA:2790,0
DA:2791,0
DA:2793,0
DA:2794,0
DA:2796,0
DA:2797,0
DA:2799,0
DA:2800,0
DA:2801,0
DA:2804,0
DA:2807,0
DA:2810,0
DA:2813,0
DA:2814,0
DA:2864,0
DA:2865,0
DA:2866,0
DA:2867,0
DA:2868,0
DA:2870,0
DA:2871,0
DA:2873,0
DA:2874,0
DA:2876,0
DA:2877,0
DA:2879,0
DA:2880,0
DA:2882,0
DA:2883,0
DA:2885,0
DA:2886,0
DA:2888,0
DA:2889,0
DA:2894,0
DA:2897,0
DA:2900,0
DA:2903,0
DA:2906,0
DA:2909,0
DA:2912,0
DA:2915,0
DA:2918,0
DA:2921,0
DA:2924,0
DA:2927,0
DA:2930,0
DA:2933,0
DA:2936,0
DA:2939,0
DA:2942,0
DA:2945,0
DA:2948,0
DA:2951,0
DA:2954,0
DA:2957,0
DA:2960,0
DA:2963,0
DA:2968,0
DA:2977,0
DA:2982,0
DA:2987,0
DA:2999,0
DA:3000,0
DA:3001,0
DA:3003,0
DA:3004,0
DA:3006,0
DA:3007,0
DA:3009,0
DA:3010,0
DA:3012,0
DA:3013,0
DA:3015,0
DA:3016,0
DA:3018,0
DA:3019,0
DA:3021,0
DA:3022,0
DA:3024,0
DA:3036,0
DA:3037,0
DA:3038,0
DA:3040,0
DA:3041,0
DA:3043,0
DA:3044,0
DA:3046,0
DA:3047,0
DA:3049,0
DA:3050,0
DA:3052,0
DA:3053,0
DA:3055,0
DA:3056,0
DA:3058,0
DA:3059,0
DA:3061,0
DA:3066,0
DA:3067,0
DA:3068,0
DA:3069,0
DA:3070,0
DA:3071,0
DA:3072,0
DA:3073,0
DA:3074,0
DA:3075,0
DA:3076,0
DA:3077,0
DA:3078,0
DA:3079,0
DA:3080,0
DA:3081,0
DA:3082,0
DA:3083,0
DA:3084,0
DA:3087,0
DA:3088,0
DA:3089,0
DA:3090,0
DA:3091,0
DA:3093,0
DA:3094,0
DA:3096,0
DA:3097,0
DA:3099,0
DA:3100,0
DA:3102,0
DA:3103,0
DA:3105,0
DA:3106,0
DA:3108,0
DA:3109,0
DA:3111,0
DA:3112,0
DA:3114,0
DA:3115,0
DA:3116,0
DA:3119,0
DA:3122,0
DA:3125,0
DA:3128,0
DA:3129,0
DA:3133,0
DA:3134,0
DA:3135,0
DA:3136,0
DA:3137,0
DA:3142,0
DA:3145,0
DA:3150,0
DA:3151,0
DA:3152,0
DA:3154,0
DA:3159,0
DA:3160,0
DA:3161,0
DA:3163,0
DA:3168,0
DA:3169,0
DA:3170,0
DA:3171,0
DA:3172,0
DA:3175,0
DA:3176,0
DA:3177,0
DA:3178,0
DA:3179,0
DA:3181,0
DA:3182,0
DA:3183,0
DA:3186,0
DA:3189,0
DA:3192,0
DA:3195,0
DA:3196,0
DA:3200,0
DA:3201,0
DA:3202,0
DA:3203,0
DA:3204,0
DA:3209,0
DA:3212,0
DA:3217,0
DA:3218,0
DA:3219,0
DA:3221,0
DA:3226,0
DA:3227,0
DA:3228,0
DA:3230,0
DA:3235,0
DA:3236,0
DA:3237,0
DA:3238,0
DA:3239,0
DA:3242,0
DA:3243,0
DA:3244,0
DA:3245,0
DA:3246,0
DA:3248,0
DA:3249,0
DA:3250,0
DA:3253,0
DA:3256,0
DA:3259,0
DA:3262,0
DA:3263,0
DA:3265,0
DA:3266,0
DA:3267,0
DA:3270,0
DA:3271,0
DA:3274,0
DA:3275,0
DA:3280,0
DA:3281,0
DA:3282,0
DA:3285,0
DA:3286,0
DA:3287,0
DA:3288,0
DA:3289,0
DA:3290,0
DA:3293,0
DA:3296,0
DA:3299,0
DA:3302,0
DA:3303,0
DA:3305,0
DA:3306,0
DA:3307,0
DA:3310,0
DA:3311,0
DA:3314,0
DA:3315,0
DA:3320,0
DA:3321,0
DA:3322,0
DA:3325,0
DA:3326,0
DA:3327,0
DA:3328,0
DA:3329,0
DA:3330,0
DA:3333,0
DA:3336,0
DA:3339,0
DA:3342,0
DA:3343,0
DA:3345,0
DA:3346,0
DA:3347,0
DA:3350,0
DA:3351,0
DA:3354,0
DA:3355,0
DA:3360,0
DA:3361,0
DA:3362,0
DA:3365,0
DA:3366,0
DA:3367,0
DA:3368,0
DA:3369,0
DA:3370,0
DA:3373,0
DA:3376,0
DA:3379,0
DA:3382,0
DA:3383,0
DA:3385,0
DA:3386,0
DA:3387,0
DA:3390,0
DA:3391,0
DA:3394,0
DA:3395,0
DA:3400,0
DA:3401,0
DA:3402,0
DA:3405,0
DA:3406,0
DA:3407,0
DA:3408,0
DA:3409,0
DA:3410,0
DA:3413,0
DA:3416,0
DA:3419,0
DA:3422,0
DA:3423,0
DA:3431,0
DA:3432,0
DA:3433,0
DA:3434,0
DA:3435,0
DA:3437,0
DA:3438,0
DA:3440,0
DA:3441,0
DA:3443,0
DA:3444,0
DA:3446,0
DA:3447,0
DA:3452,0
DA:3455,0
DA:3458,0
DA:3461,0
DA:3464,0
DA:3467,0
DA:3470,0
DA:3473,0
DA:3476,0
DA:3479,0
DA:3482,0
DA:3485,0
DA:3494,0
DA:3495,0
DA:3496,0
DA:3498,0
DA:3499,0
DA:3501,0
DA:3502,0
DA:3504,0
DA:3505,0
DA:3507,0
DA:3508,0
DA:3510,0
DA:3519,0
DA:3520,0
DA:3521,0
DA:3523,0
DA:3524,0
DA:3526,0
DA:3527,0
DA:3529,0
DA:3530,0
DA:3532,0
DA:3533,0
DA:3535,0
DA:3540,0
DA:3541,0
DA:3542,0
DA:3543,0
DA:3544,0
DA:3545,0
DA:3546,0
DA:3547,0
DA:3548,0
DA:3549,0
DA:3550,0
DA:3551,0
DA:3552,0
DA:3555,0
DA:3556,0
DA:3557,0
DA:3558,0
DA:3559,0
DA:3561,0
DA:3562,0
DA:3564,0
DA:3565,0
DA:3567,0
DA:3568,0
DA:3570,0
DA:3571,0
DA:3573,0
DA:3574,0
DA:3575,0
DA:3578,0
DA:3581,0
DA:3584,0
LF:1718
LH:0
BRDA:10,0,0,0
BRDA:10,0,1,0
BRDA:28,1,0,0
BRDA:28,1,1,0
BRDA:29,2,0,0
BRDA:29,2,1,0
BRDA:29,3,0,0
BRDA:29,3,1,0
BRDA:30,4,0,0
BRDA:30,4,1,0
BRDA:30,5,0,0
BRDA:30,5,1,0
BRDA:33,6,0,0
BRDA:33,6,1,0
BRDA:33,7,0,0
BRDA:33,7,1,0
BRDA:36,8,0,0
BRDA:36,8,1,0
BRDA:36,9,0,0
BRDA:36,9,1,0
BRDA:68,10,0,0
BRDA:68,10,1,0
BRDA:71,11,0,0
BRDA:71,11,1,0
BRDA:74,12,0,0
BRDA:74,12,1,0
BRDA:85,13,0,0
BRDA:85,13,1,0
BRDA:88,14,0,0
BRDA:88,14,1,0
BRDA:91,15,0,0
BRDA:91,15,1,0
BRDA:99,16,0,0
BRDA:99,16,1,0
BRDA:100,17,0,0
BRDA:100,17,1,0
BRDA:102,18,0,0
BRDA:102,18,1,0
BRDA:104,19,0,0
BRDA:104,19,1,0
BRDA:106,20,0,0
BRDA:106,20,1,0
BRDA:110,21,0,0
BRDA:110,21,1,0
BRDA:112,22,0,0
BRDA:112,22,1,0
BRDA:114,23,0,0
BRDA:114,23,1,0
BRDA:114,23,2,0
BRDA:114,23,3,0
BRDA:142,24,0,0
BRDA:142,24,1,0
BRDA:143,25,0,0
BRDA:143,25,1,0
BRDA:143,26,0,0
BRDA:143,26,1,0
BRDA:144,27,0,0
BRDA:144,27,1,0
BRDA:144,28,0,0
BRDA:144,28,1,0
BRDA:159,29,0,0
BRDA:159,29,1,0
BRDA:168,30,0,0
BRDA:168,30,1,0
BRDA:176,31,0,0
BRDA:176,31,1,0
BRDA:177,32,0,0
BRDA:177,32,1,0
BRDA:179,33,0,0
BRDA:179,33,1,0
BRDA:183,34,0,0
BRDA:183,34,1,0
BRDA:185,35,0,0
BRDA:185,35,1,0
BRDA:187,36,0,0
BRDA:187,36,1,0
BRDA:209,37,0,0
BRDA:209,37,1,0
BRDA:210,38,0,0
BRDA:210,38,1,0
BRDA:210,39,0,0
BRDA:210,39,1,0
BRDA:211,40,0,0
BRDA:211,40,1,0
BRDA:211,41,0,0
BRDA:211,41,1,0
BRDA:229,42,0,0
BRDA:229,42,1,0
BRDA:238,43,0,0
BRDA:238,43,1,0
BRDA:246,44,0,0
BRDA:246,44,1,0
BRDA:247,45,0,0
BRDA:247,45,1,0
BRDA:249,46,0,0
BRDA:249,46,1,0
BRDA:253,47,0,0
BRDA:253,47,1,0
BRDA:255,48,0,0
BRDA:255,48,1,0
BRDA:257,49,0,0
BRDA:257,49,1,0
BRDA:281,50,0,0
BRDA:281,50,1,0
BRDA:282,51,0,0
BRDA:282,51,1,0
BRDA:282,52,0,0
BRDA:282,52,1,0
BRDA:283,53,0,0
BRDA:283,53,1,0
BRDA:283,54,0,0
BRDA:283,54,1,0
BRDA:286,55,0,0
BRDA:286,55,1,0
BRDA:286,56,0,0
BRDA:286,56,1,0
BRDA:289,57,0,0
BRDA:289,57,1,0
BRDA:289,58,0,0
BRDA:289,58,1,0
BRDA:318,59,0,0
BRDA:318,59,1,0
BRDA:321,60,0,0
BRDA:321,60,1,0
BRDA:324,61,0,0
BRDA:324,61,1,0
BRDA:335,62,0,0
BRDA:335,62,1,0
BRDA:338,63,0,0
BRDA:338,63,1,0
BRDA:341,64,0,0
BRDA:341,64,1,0
BRDA:349,65,0,0
BRDA:349,65,1,0
BRDA:350,66,0,0
BRDA:350,66,1,0
BRDA:352,67,0,0
BRDA:352,67,1,0
BRDA:354,68,0,0
BRDA:354,68,1,0
BRDA:356,69,0,0
BRDA:356,69,1,0
BRDA:360,70,0,0
BRDA:360,70,1,0
BRDA:362,71,0,0
BRDA:362,71,1,0
BRDA:364,72,0,0
BRDA:364,72,1,0
BRDA:364,72,2,0
BRDA:364,72,3,0
BRDA:393,73,0,0
BRDA:393,73,1,0
BRDA:394,74,0,0
BRDA:394,74,1,0
BRDA:394,75,0,0
BRDA:394,75,1,0
BRDA:395,76,0,0
BRDA:395,76,1,0
BRDA:395,77,0,0
BRDA:395,77,1,0
BRDA:398,78,0,0
BRDA:398,78,1,0
BRDA:398,79,0,0
BRDA:398,79,1,0
BRDA:420,80,0,0
BRDA:420,80,1,0
BRDA:423,81,0,0
BRDA:423,81,1,0
BRDA:433,82,0,0
BRDA:433,82,1,0
BRDA:436,83,0,0
BRDA:436,83,1,0
BRDA:444,84,0,0
BRDA:444,84,1,0
BRDA:445,85,0,0
BRDA:445,85,1,0
BRDA:447,86,0,0
BRDA:447,86,1,0
BRDA:449,87,0,0
BRDA:449,87,1,0
BRDA:453,88,0,0
BRDA:453,88,1,0
BRDA:455,89,0,0
BRDA:455,89,1,0
BRDA:457,90,0,0
BRDA:457,90,1,0
BRDA:457,90,2,0
BRDA:491,91,0,0
BRDA:491,91,1,0
BRDA:492,92,0,0
BRDA:492,92,1,0
BRDA:492,93,0,0
BRDA:492,93,1,0
BRDA:493,94,0,0
BRDA:493,94,1,0
BRDA:493,95,0,0
BRDA:493,95,1,0
BRDA:496,96,0,0
BRDA:496,96,1,0
BRDA:496,97,0,0
BRDA:496,97,1,0
BRDA:499,98,0,0
BRDA:499,98,1,0
BRDA:499,99,0,0
BRDA:499,99,1,0
BRDA:502,100,0,0
BRDA:502,100,1,0
BRDA:502,101,0,0
BRDA:502,101,1,0
BRDA:505,102,0,0
BRDA:505,102,1,0
BRDA:505,103,0,0
BRDA:505,103,1,0
BRDA:508,104,0,0
BRDA:508,104,1,0
BRDA:508,105,0,0
BRDA:508,105,1,0
BRDA:580,106,0,0
BRDA:580,106,1,0
BRDA:583,107,0,0
BRDA:583,107,1,0
BRDA:586,108,0,0
BRDA:586,108,1,0
BRDA:589,109,0,0
BRDA:589,109,1,0
BRDA:592,110,0,0
BRDA:592,110,1,0
BRDA:595,111,0,0
BRDA:595,111,1,0
BRDA:609,112,0,0
BRDA:609,112,1,0
BRDA:612,113,0,0
BRDA:612,113,1,0
BRDA:615,114,0,0
BRDA:615,114,1,0
BRDA:618,115,0,0
BRDA:618,115,1,0
BRDA:621,116,0,0
BRDA:621,116,1,0
BRDA:624,117,0,0
BRDA:624,117,1,0
BRDA:632,118,0,0
BRDA:632,118,1,0
BRDA:633,119,0,0
BRDA:633,119,1,0
BRDA:635,120,0,0
BRDA:635,120,1,0
BRDA:637,121,0,0
BRDA:637,121,1,0
BRDA:639,122,0,0
BRDA:639,122,1,0
BRDA:641,123,0,0
BRDA:641,123,1,0
BRDA:643,124,0,0
BRDA:643,124,1,0
BRDA:645,125,0,0
BRDA:645,125,1,0
BRDA:649,126,0,0
BRDA:649,126,1,0
BRDA:651,127,0,0
BRDA:651,127,1,0
BRDA:653,128,0,0
BRDA:653,128,1,0
BRDA:653,128,2,0
BRDA:653,128,3,0
BRDA:653,128,4,0
BRDA:653,128,5,0
BRDA:653,128,6,0
BRDA:692,129,0,0
BRDA:692,129,1,0
BRDA:693,130,0,0
BRDA:693,130,1,0
BRDA:693,131,0,0
BRDA:693,131,1,0
BRDA:694,132,0,0
BRDA:694,132,1,0
BRDA:694,133,0,0
BRDA:694,133,1,0
BRDA:697,134,0,0
BRDA:697,134,1,0
BRDA:697,135,0,0
BRDA:697,135,1,0
BRDA:700,136,0,0
BRDA:700,136,1,0
BRDA:700,137,0,0
BRDA:700,137,1,0
BRDA:729,138,0,0
BRDA:729,138,1,0
BRDA:732,139,0,0
BRDA:732,139,1,0
BRDA:735,140,0,0
BRDA:735,140,1,0
BRDA:746,141,0,0
BRDA:746,141,1,0
BRDA:749,142,0,0
BRDA:749,142,1,0
BRDA:752,143,0,0
BRDA:752,143,1,0
BRDA:760,144,0,0
BRDA:760,144,1,0
BRDA:761,145,0,0
BRDA:761,145,1,0
BRDA:763,146,0,0
BRDA:763,146,1,0
BRDA:765,147,0,0
BRDA:765,147,1,0
BRDA:767,148,0,0
BRDA:767,148,1,0
BRDA:771,149,0,0
BRDA:771,149,1,0
BRDA:773,150,0,0
BRDA:773,150,1,0
BRDA:775,151,0,0
BRDA:775,151,1,0
BRDA:775,151,2,0
BRDA:775,151,3,0
BRDA:803,152,0,0
BRDA:803,152,1,0
BRDA:804,153,0,0
BRDA:804,153,1,0
BRDA:804,154,0,0
BRDA:804,154,1,0
BRDA:805,155,0,0
BRDA:805,155,1,0
BRDA:805,156,0,0
BRDA:805,156,1,0
BRDA:823,157,0,0
BRDA:823,157,1,0
BRDA:832,158,0,0
BRDA:832,158,1,0
BRDA:840,159,0,0
BRDA:840,159,1,0
BRDA:841,160,0,0
BRDA:841,160,1,0
BRDA:843,161,0,0
BRDA:843,161,1,0
BRDA:847,162,0,0
BRDA:847,162,1,0
BRDA:849,163,0,0
BRDA:849,163,1,0
BRDA:851,164,0,0
BRDA:851,164,1,0
BRDA:875,165,0,0
BRDA:875,165,1,0
BRDA:876,166,0,0
BRDA:876,166,1,0
BRDA:876,167,0,0
BRDA:876,167,1,0
BRDA:877,168,0,0
BRDA:877,168,1,0
BRDA:877,169,0,0
BRDA:877,169,1,0
BRDA:880,170,0,0
BRDA:880,170,1,0
BRDA:880,171,0,0
BRDA:880,171,1,0
BRDA:902,172,0,0
BRDA:902,172,1,0
BRDA:905,173,0,0
BRDA:905,173,1,0
BRDA:915,174,0,0
BRDA:915,174,1,0
BRDA:918,175,0,0
BRDA:918,175,1,0
BRDA:926,176,0,0
BRDA:926,176,1,0
BRDA:927,177,0,0
BRDA:927,177,1,0
BRDA:929,178,0,0
BRDA:929,178,1,0
BRDA:931,179,0,0
BRDA:931,179,1,0
BRDA:935,180,0,0
BRDA:935,180,1,0
BRDA:937,181,0,0
BRDA:937,181,1,0
BRDA:939,182,0,0
BRDA:939,182,1,0
BRDA:939,182,2,0
BRDA:867,183,0,0
BRDA:867,183,1,0
BRDA:965,184,0,0
BRDA:965,184,1,0
BRDA:966,185,0,0
BRDA:966,185,1,0
BRDA:966,186,0,0
BRDA:966,186,1,0
BRDA:967,187,0,0
BRDA:967,187,1,0
BRDA:967,188,0,0
BRDA:967,188,1,0
BRDA:985,189,0,0
BRDA:985,189,1,0
BRDA:994,190,0,0
BRDA:994,190,1,0
BRDA:1002,191,0,0
BRDA:1002,191,1,0
BRDA:1003,192,0,0
BRDA:1003,192,1,0
BRDA:1005,193,0,0
BRDA:1005,193,1,0
BRDA:1009,194,0,0
BRDA:1009,194,1,0
BRDA:1011,195,0,0
BRDA:1011,195,1,0
BRDA:1013,196,0,0
BRDA:1013,196,1,0
BRDA:1035,197,0,0
BRDA:1035,197,1,0
BRDA:1036,198,0,0
BRDA:1036,198,1,0
BRDA:1036,199,0,0
BRDA:1036,199,1,0
BRDA:1037,200,0,0
BRDA:1037,200,1,0
BRDA:1037,201,0,0
BRDA:1037,201,1,0
BRDA:1052,202,0,0
BRDA:1052,202,1,0
BRDA:1061,203,0,0
BRDA:1061,203,1,0
BRDA:1069,204,0,0
BRDA:1069,204,1,0
BRDA:1070,205,0,0
BRDA:1070,205,1,0
BRDA:1072,206,0,0
BRDA:1072,206,1,0
BRDA:1076,207,0,0
BRDA:1076,207,1,0
BRDA:1078,208,0,0
BRDA:1078,208,1,0
BRDA:1080,209,0,0
BRDA:1080,209,1,0
BRDA:1102,210,0,0
BRDA:1102,210,1,0
BRDA:1103,211,0,0
BRDA:1103,211,1,0
BRDA:1103,212,0,0
BRDA:1103,212,1,0
BRDA:1104,213,0,0
BRDA:1104,213,1,0
BRDA:1104,214,0,0
BRDA:1104,214,1,0
BRDA:1122,215,0,0
BRDA:1122,215,1,0
BRDA:1131,216,0,0
BRDA:1131,216,1,0
BRDA:1139,217,0,0
BRDA:1139,217,1,0
BRDA:1140,218,0,0
BRDA:1140,218,1,0
BRDA:1142,219,0,0
BRDA:1142,219,1,0
BRDA:1146,220,0,0
BRDA:1146,220,1,0
BRDA:1148,221,0,0
BRDA:1148,221,1,0
BRDA:1150,222,0,0
BRDA:1150,222,1,0
BRDA:1172,223,0,0
BRDA:1172,223,1,0
BRDA:1173,224,0,0
BRDA:1173,224,1,0
BRDA:1173,225,0,0
BRDA:1173,225,1,0
BRDA:1174,226,0,0
BRDA:1174,226,1,0
BRDA:1174,227,0,0
BRDA:1174,227,1,0
BRDA:1189,228,0,0
BRDA:1189,228,1,0
BRDA:1198,229,0,0
BRDA:1198,229,1,0
BRDA:1206,230,0,0
BRDA:1206,230,1,0
BRDA:1207,231,0,0
BRDA:1207,231,1,0
BRDA:1209,232,0,0
BRDA:1209,232,1,0
BRDA:1213,233,0,0
BRDA:1213,233,1,0
BRDA:1215,234,0,0
BRDA:1215,234,1,0
BRDA:1217,235,0,0
BRDA:1217,235,1,0
BRDA:1241,236,0,0
BRDA:1241,236,1,0
BRDA:1242,237,0,0
BRDA:1242,237,1,0
BRDA:1242,238,0,0
BRDA:1242,238,1,0
BRDA:1243,239,0,0
BRDA:1243,239,1,0
BRDA:1243,240,0,0
BRDA:1243,240,1,0
BRDA:1246,241,0,0
BRDA:1246,241,1,0
BRDA:1246,242,0,0
BRDA:1246,242,1,0
BRDA:1249,243,0,0
BRDA:1249,243,1,0
BRDA:1249,244,0,0
BRDA:1249,244,1,0
BRDA:1278,245,0,0
BRDA:1278,245,1,0
BRDA:1281,246,0,0
BRDA:1281,246,1,0
BRDA:1284,247,0,0
BRDA:1284,247,1,0
BRDA:1295,248,0,0
BRDA:1295,248,1,0
BRDA:1298,249,0,0
BRDA:1298,249,1,0
BRDA:1301,250,0,0
BRDA:1301,250,1,0
BRDA:1309,251,0,0
BRDA:1309,251,1,0
BRDA:1310,252,0,0
BRDA:1310,252,1,0
BRDA:1312,253,0,0
BRDA:1312,253,1,0
BRDA:1314,254,0,0
BRDA:1314,254,1,0
BRDA:1316,255,0,0
BRDA:1316,255,1,0
BRDA:1320,256,0,0
BRDA:1320,256,1,0
BRDA:1322,257,0,0
BRDA:1322,257,1,0
BRDA:1324,258,0,0
BRDA:1324,258,1,0
BRDA:1324,258,2,0
BRDA:1324,258,3,0
BRDA:1380,259,0,0
BRDA:1380,259,1,0
BRDA:1381,260,0,0
BRDA:1381,260,1,0
BRDA:1381,261,0,0
BRDA:1381,261,1,0
BRDA:1382,262,0,0
BRDA:1382,262,1,0
BRDA:1382,263,0,0
BRDA:1382,263,1,0
BRDA:1385,264,0,0
BRDA:1385,264,1,0
BRDA:1385,265,0,0
BRDA:1385,265,1,0
BRDA:1388,266,0,0
BRDA:1388,266,1,0
BRDA:1388,267,0,0
BRDA:1388,267,1,0
BRDA:1391,268,0,0
BRDA:1391,268,1,0
BRDA:1391,269,0,0
BRDA:1391,269,1,0
BRDA:1394,270,0,0
BRDA:1394,270,1,0
BRDA:1394,271,0,0
BRDA:1394,271,1,0
BRDA:1465,272,0,0
BRDA:1465,272,1,0
BRDA:1468,273,0,0
BRDA:1468,273,1,0
BRDA:1471,274,0,0
BRDA:1471,274,1,0
BRDA:1474,275,0,0
BRDA:1474,275,1,0
BRDA:1477,276,0,0
BRDA:1477,276,1,0
BRDA:1490,277,0,0
BRDA:1490,277,1,0
BRDA:1493,278,0,0
BRDA:1493,278,1,0
BRDA:1496,279,0,0
BRDA:1496,279,1,0
BRDA:1499,280,0,0
BRDA:1499,280,1,0
BRDA:1502,281,0,0
BRDA:1502,281,1,0
BRDA:1510,282,0,0
BRDA:1510,282,1,0
BRDA:1511,283,0,0
BRDA:1511,283,1,0
BRDA:1513,284,0,0
BRDA:1513,284,1,0
BRDA:1515,285,0,0
BRDA:1515,285,1,0
BRDA:1517,286,0,0
BRDA:1517,286,1,0
BRDA:1519,287,0,0
BRDA:1519,287,1,0
BRDA:1521,288,0,0
BRDA:1521,288,1,0
BRDA:1525,289,0,0
BRDA:1525,289,1,0
BRDA:1527,290,0,0
BRDA:1527,290,1,0
BRDA:1529,291,0,0
BRDA:1529,291,1,0
BRDA:1529,291,2,0
BRDA:1529,291,3,0
BRDA:1529,291,4,0
BRDA:1529,291,5,0
BRDA:1565,292,0,0
BRDA:1565,292,1,0
BRDA:1566,293,0,0
BRDA:1566,293,1,0
BRDA:1566,294,0,0
BRDA:1566,294,1,0
BRDA:1567,295,0,0
BRDA:1567,295,1,0
BRDA:1567,296,0,0
BRDA:1567,296,1,0
BRDA:1570,297,0,0
BRDA:1570,297,1,0
BRDA:1570,298,0,0
BRDA:1570,298,1,0
BRDA:1573,299,0,0
BRDA:1573,299,1,0
BRDA:1573,300,0,0
BRDA:1573,300,1,0
BRDA:1602,301,0,0
BRDA:1602,301,1,0
BRDA:1605,302,0,0
BRDA:1605,302,1,0
BRDA:1608,303,0,0
BRDA:1608,303,1,0
BRDA:1619,304,0,0
BRDA:1619,304,1,0
BRDA:1622,305,0,0
BRDA:1622,305,1,0
BRDA:1625,306,0,0
BRDA:1625,306,1,0
BRDA:1633,307,0,0
BRDA:1633,307,1,0
BRDA:1634,308,0,0
BRDA:1634,308,1,0
BRDA:1636,309,0,0
BRDA:1636,309,1,0
BRDA:1638,310,0,0
BRDA:1638,310,1,0
BRDA:1640,311,0,0
BRDA:1640,311,1,0
BRDA:1644,312,0,0
BRDA:1644,312,1,0
BRDA:1646,313,0,0
BRDA:1646,313,1,0
BRDA:1648,314,0,0
BRDA:1648,314,1,0
BRDA:1648,314,2,0
BRDA:1648,314,3,0
BRDA:1677,315,0,0
BRDA:1677,315,1,0
BRDA:1678,316,0,0
BRDA:1678,316,1,0
BRDA:1678,317,0,0
BRDA:1678,317,1,0
BRDA:1679,318,0,0
BRDA:1679,318,1,0
BRDA:1679,319,0,0
BRDA:1679,319,1,0
BRDA:1682,320,0,0
BRDA:1682,320,1,0
BRDA:1682,321,0,0
BRDA:1682,321,1,0
BRDA:1704,322,0,0
BRDA:1704,322,1,0
BRDA:1707,323,0,0
BRDA:1707,323,1,0
BRDA:1717,324,0,0
BRDA:1717,324,1,0
BRDA:1720,325,0,0
BRDA:1720,325,1,0
BRDA:1728,326,0,0
BRDA:1728,326,1,0
BRDA:1729,327,0,0
BRDA:1729,327,1,0
BRDA:1731,328,0,0
BRDA:1731,328,1,0
BRDA:1733,329,0,0
BRDA:1733,329,1,0
BRDA:1737,330,0,0
BRDA:1737,330,1,0
BRDA:1739,331,0,0
BRDA:1739,331,1,0
BRDA:1741,332,0,0
BRDA:1741,332,1,0
BRDA:1741,332,2,0
BRDA:1766,333,0,0
BRDA:1766,333,1,0
BRDA:1767,334,0,0
BRDA:1767,334,1,0
BRDA:1767,335,0,0
BRDA:1767,335,1,0
BRDA:1768,336,0,0
BRDA:1768,336,1,0
BRDA:1768,337,0,0
BRDA:1768,337,1,0
BRDA:1786,338,0,0
BRDA:1786,338,1,0
BRDA:1795,339,0,0
BRDA:1795,339,1,0
BRDA:1803,340,0,0
BRDA:1803,340,1,0
BRDA:1804,341,0,0
BRDA:1804,341,1,0
BRDA:1806,342,0,0
BRDA:1806,342,1,0
BRDA:1810,343,0,0
BRDA:1810,343,1,0
BRDA:1812,344,0,0
BRDA:1812,344,1,0
BRDA:1814,345,0,0
BRDA:1814,345,1,0
BRDA:1838,346,0,0
BRDA:1838,346,1,0
BRDA:1839,347,0,0
BRDA:1839,347,1,0
BRDA:1839,348,0,0
BRDA:1839,348,1,0
BRDA:1840,349,0,0
BRDA:1840,349,1,0
BRDA:1840,350,0,0
BRDA:1840,350,1,0
BRDA:1843,351,0,0
BRDA:1843,351,1,0
BRDA:1843,352,0,0
BRDA:1843,352,1,0
BRDA:1846,353,0,0
BRDA:1846,353,1,0
BRDA:1846,354,0,0
BRDA:1846,354,1,0
BRDA:1875,355,0,0
BRDA:1875,355,1,0
BRDA:1878,356,0,0
BRDA:1878,356,1,0
BRDA:1881,357,0,0
BRDA:1881,357,1,0
BRDA:1892,358,0,0
BRDA:1892,358,1,0
BRDA:1895,359,0,0
BRDA:1895,359,1,0
BRDA:1898,360,0,0
BRDA:1898,360,1,0
BRDA:1906,361,0,0
BRDA:1906,361,1,0
BRDA:1907,362,0,0
BRDA:1907,362,1,0
BRDA:1909,363,0,0
BRDA:1909,363,1,0
BRDA:1911,364,0,0
BRDA:1911,364,1,0
BRDA:1913,365,0,0
BRDA:1913,365,1,0
BRDA:1917,366,0,0
BRDA:1917,366,1,0
BRDA:1919,367,0,0
BRDA:1919,367,1,0
BRDA:1921,368,0,0
BRDA:1921,368,1,0
BRDA:1921,368,2,0
BRDA:1921,368,3,0
BRDA:1950,369,0,0
BRDA:1950,369,1,0
BRDA:1951,370,0,0
BRDA:1951,370,1,0
BRDA:1951,371,0,0
BRDA:1951,371,1,0
BRDA:1952,372,0,0
BRDA:1952,372,1,0
BRDA:1952,373,0,0
BRDA:1952,373,1,0
BRDA:1955,374,0,0
BRDA:1955,374,1,0
BRDA:1955,375,0,0
BRDA:1955,375,1,0
BRDA:1980,376,0,0
BRDA:1980,376,1,0
BRDA:1983,377,0,0
BRDA:1983,377,1,0
BRDA:1993,378,0,0
BRDA:1993,378,1,0
BRDA:1996,379,0,0
BRDA:1996,379,1,0
BRDA:2004,380,0,0
BRDA:2004,380,1,0
BRDA:2005,381,0,0
BRDA:2005,381,1,0
BRDA:2007,382,0,0
BRDA:2007,382,1,0
BRDA:2009,383,0,0
BRDA:2009,383,1,0
BRDA:2013,384,0,0
BRDA:2013,384,1,0
BRDA:2015,385,0,0
BRDA:2015,385,1,0
BRDA:2017,386,0,0
BRDA:2017,386,1,0
BRDA:2017,386,2,0
BRDA:2043,387,0,0
BRDA:2043,387,1,0
BRDA:2044,388,0,0
BRDA:2044,388,1,0
BRDA:2044,389,0,0
BRDA:2044,389,1,0
BRDA:2045,390,0,0
BRDA:2045,390,1,0
BRDA:2045,391,0,0
BRDA:2045,391,1,0
BRDA:2048,392,0,0
BRDA:2048,392,1,0
BRDA:2048,393,0,0
BRDA:2048,393,1,0
BRDA:2070,394,0,0
BRDA:2070,394,1,0
BRDA:2073,395,0,0
BRDA:2073,395,1,0
BRDA:2083,396,0,0
BRDA:2083,396,1,0
BRDA:2086,397,0,0
BRDA:2086,397,1,0
BRDA:2094,398,0,0
BRDA:2094,398,1,0
BRDA:2095,399,0,0
BRDA:2095,399,1,0
BRDA:2097,400,0,0
BRDA:2097,400,1,0
BRDA:2099,401,0,0
BRDA:2099,401,1,0
BRDA:2103,402,0,0
BRDA:2103,402,1,0
BRDA:2105,403,0,0
BRDA:2105,403,1,0
BRDA:2107,404,0,0
BRDA:2107,404,1,0
BRDA:2107,404,2,0
BRDA:2134,405,0,0
BRDA:2134,405,1,0
BRDA:2135,406,0,0
BRDA:2135,406,1,0
BRDA:2135,407,0,0
BRDA:2135,407,1,0
BRDA:2136,408,0,0
BRDA:2136,408,1,0
BRDA:2136,409,0,0
BRDA:2136,409,1,0
BRDA:2139,410,0,0
BRDA:2139,410,1,0
BRDA:2139,411,0,0
BRDA:2139,411,1,0
BRDA:2142,412,0,0
BRDA:2142,412,1,0
BRDA:2142,413,0,0
BRDA:2142,413,1,0
BRDA:2174,414,0,0
BRDA:2174,414,1,0
BRDA:2177,415,0,0
BRDA:2177,415,1,0
BRDA:2180,416,0,0
BRDA:2180,416,1,0
BRDA:2191,417,0,0
BRDA:2191,417,1,0
BRDA:2194,418,0,0
BRDA:2194,418,1,0
BRDA:2197,419,0,0
BRDA:2197,419,1,0
BRDA:2205,420,0,0
BRDA:2205,420,1,0
BRDA:2206,421,0,0
BRDA:2206,421,1,0
BRDA:2208,422,0,0
BRDA:2208,422,1,0
BRDA:2210,423,0,0
BRDA:2210,423,1,0
BRDA:2212,424,0,0
BRDA:2212,424,1,0
BRDA:2216,425,0,0
BRDA:2216,425,1,0
BRDA:2218,426,0,0
BRDA:2218,426,1,0
BRDA:2220,427,0,0
BRDA:2220,427,1,0
BRDA:2220,427,2,0
BRDA:2220,427,3,0
BRDA:2249,428,0,0
BRDA:2249,428,1,0
BRDA:2250,429,0,0
BRDA:2250,429,1,0
BRDA:2250,430,0,0
BRDA:2250,430,1,0
BRDA:2251,431,0,0
BRDA:2251,431,1,0
BRDA:2251,432,0,0
BRDA:2251,432,1,0
BRDA:2254,433,0,0
BRDA:2254,433,1,0
BRDA:2254,434,0,0
BRDA:2254,434,1,0
BRDA:2276,435,0,0
BRDA:2276,435,1,0
BRDA:2279,436,0,0
BRDA:2279,436,1,0
BRDA:2289,437,0,0
BRDA:2289,437,1,0
BRDA:2292,438,0,0
BRDA:2292,438,1,0
BRDA:2300,439,0,0
BRDA:2300,439,1,0
BRDA:2301,440,0,0
BRDA:2301,440,1,0
BRDA:2303,441,0,0
BRDA:2303,441,1,0
BRDA:2305,442,0,0
BRDA:2305,442,1,0
BRDA:2309,443,0,0
BRDA:2309,443,1,0
BRDA:2311,444,0,0
BRDA:2311,444,1,0
BRDA:2313,445,0,0
BRDA:2313,445,1,0
BRDA:2313,445,2,0
BRDA:2378,446,0,0
BRDA:2378,446,1,0
BRDA:2379,447,0,0
BRDA:2379,447,1,0
BRDA:2379,448,0,0
BRDA:2379,448,1,0
BRDA:2380,449,0,0
BRDA:2380,449,1,0
BRDA:2380,450,0,0
BRDA:2380,450,1,0
BRDA:2383,451,0,0
BRDA:2383,451,1,0
BRDA:2383,452,0,0
BRDA:2383,452,1,0
BRDA:2386,453,0,0
BRDA:2386,453,1,0
BRDA:2386,454,0,0
BRDA:2386,454,1,0
BRDA:2389,455,0,0
BRDA:2389,455,1,0
BRDA:2389,456,0,0
BRDA:2389,456,1,0
BRDA:2392,457,0,0
BRDA:2392,457,1,0
BRDA:2392,458,0,0
BRDA:2392,458,1,0
BRDA:2395,459,0,0
BRDA:2395,459,1,0
BRDA:2395,460,0,0
BRDA:2395,460,1,0
BRDA:2477,461,0,0
BRDA:2477,461,1,0
BRDA:2480,462,0,0
BRDA:2480,462,1,0
BRDA:2483,463,0,0
BRDA:2483,463,1,0
BRDA:2486,464,0,0
BRDA:2486,464,1,0
BRDA:2489,465,0,0
BRDA:2489,465,1,0
BRDA:2492,466,0,0
BRDA:2492,466,1,0
BRDA:2506,467,0,0
BRDA:2506,467,1,0
BRDA:2509,468,0,0
BRDA:2509,468,1,0
BRDA:2512,469,0,0
BRDA:2512,469,1,0
BRDA:2515,470,0,0
BRDA:2515,470,1,0
BRDA:2518,471,0,0
BRDA:2518,471,1,0
BRDA:2521,472,0,0
BRDA:2521,472,1,0
BRDA:2529,473,0,0
BRDA:2529,473,1,0
BRDA:2530,474,0,0
BRDA:2530,474,1,0
BRDA:2532,475,0,0
BRDA:2532,475,1,0
BRDA:2534,476,0,0
BRDA:2534,476,1,0
BRDA:2536,477,0,0
BRDA:2536,477,1,0
BRDA:2538,478,0,0
BRDA:2538,478,1,0
BRDA:2540,479,0,0
BRDA:2540,479,1,0
BRDA:2542,480,0,0
BRDA:2542,480,1,0
BRDA:2546,481,0,0
BRDA:2546,481,1,0
BRDA:2548,482,0,0
BRDA:2548,482,1,0
BRDA:2550,483,0,0
BRDA:2550,483,1,0
BRDA:2550,483,2,0
BRDA:2550,483,3,0
BRDA:2550,483,4,0
BRDA:2550,483,5,0
BRDA:2550,483,6,0
BRDA:2589,484,0,0
BRDA:2589,484,1,0
BRDA:2590,485,0,0
BRDA:2590,485,1,0
BRDA:2590,486,0,0
BRDA:2590,486,1,0
BRDA:2591,487,0,0
BRDA:2591,487,1,0
BRDA:2591,488,0,0
BRDA:2591,488,1,0
BRDA:2594,489,0,0
BRDA:2594,489,1,0
BRDA:2594,490,0,0
BRDA:2594,490,1,0
BRDA:2597,491,0,0
BRDA:2597,491,1,0
BRDA:2597,492,0,0
BRDA:2597,492,1,0
BRDA:2629,493,0,0
BRDA:2629,493,1,0
BRDA:2632,494,0,0
BRDA:2632,494,1,0
BRDA:2635,495,0,0
BRDA:2635,495,1,0
BRDA:2646,496,0,0
BRDA:2646,496,1,0
BRDA:2649,497,0,0
BRDA:2649,497,1,0
BRDA:2652,498,0,0
BRDA:2652,498,1,0
BRDA:2660,499,0,0
BRDA:2660,499,1,0
BRDA:2661,500,0,0
BRDA:2661,500,1,0
BRDA:2663,501,0,0
BRDA:2663,501,1,0
BRDA:2665,502,0,0
BRDA:2665,502,1,0
BRDA:2667,503,0,0
BRDA:2667,503,1,0
BRDA:2671,504,0,0
BRDA:2671,504,1,0
BRDA:2673,505,0,0
BRDA:2673,505,1,0
BRDA:2675,506,0,0
BRDA:2675,506,1,0
BRDA:2675,506,2,0
BRDA:2675,506,3,0
BRDA:2705,507,0,0
BRDA:2705,507,1,0
BRDA:2706,508,0,0
BRDA:2706,508,1,0
BRDA:2706,509,0,0
BRDA:2706,509,1,0
BRDA:2707,510,0,0
BRDA:2707,510,1,0
BRDA:2707,511,0,0
BRDA:2707,511,1,0
BRDA:2710,512,0,0
BRDA:2710,512,1,0
BRDA:2710,513,0,0
BRDA:2710,513,1,0
BRDA:2713,514,0,0
BRDA:2713,514,1,0
BRDA:2713,515,0,0
BRDA:2713,515,1,0
BRDA:2745,516,0,0
BRDA:2745,516,1,0
BRDA:2748,517,0,0
BRDA:2748,517,1,0
BRDA:2751,518,0,0
BRDA:2751,518,1,0
BRDA:2762,519,0,0
BRDA:2762,519,1,0
BRDA:2765,520,0,0
BRDA:2765,520,1,0
BRDA:2768,521,0,0
BRDA:2768,521,1,0
BRDA:2776,522,0,0
BRDA:2776,522,1,0
BRDA:2777,523,0,0
BRDA:2777,523,1,0
BRDA:2779,524,0,0
BRDA:2779,524,1,0
BRDA:2781,525,0,0
BRDA:2781,525,1,0
BRDA:2783,526,0,0
BRDA:2783,526,1,0
BRDA:2787,527,0,0
BRDA:2787,527,1,0
BRDA:2789,528,0,0
BRDA:2789,528,1,0
BRDA:2791,529,0,0
BRDA:2791,529,1,0
BRDA:2791,529,2,0
BRDA:2791,529,3,0
BRDA:2865,530,0,0
BRDA:2865,530,1,0
BRDA:2866,531,0,0
BRDA:2866,531,1,0
BRDA:2866,532,0,0
BRDA:2866,532,1,0
BRDA:2867,533,0,0
BRDA:2867,533,1,0
BRDA:2867,534,0,0
BRDA:2867,534,1,0
BRDA:2870,535,0,0
BRDA:2870,535,1,0
BRDA:2870,536,0,0
BRDA:2870,536,1,0
BRDA:2873,537,0,0
BRDA:2873,537,1,0
BRDA:2873,538,0,0
BRDA:2873,538,1,0
BRDA:2876,539,0,0
BRDA:2876,539,1,0
BRDA:2876,540,0,0
BRDA:2876,540,1,0
BRDA:2879,541,0,0
BRDA:2879,541,1,0
BRDA:2879,542,0,0
BRDA:2879,542,1,0
BRDA:2882,543,0,0
BRDA:2882,543,1,0
BRDA:2882,544,0,0
BRDA:2882,544,1,0
BRDA:2885,545,0,0
BRDA:2885,545,1,0
BRDA:2885,546,0,0
BRDA:2885,546,1,0
BRDA:2888,547,0,0
BRDA:2888,547,1,0
BRDA:2888,548,0,0
BRDA:2888,548,1,0
BRDA:3000,549,0,0
BRDA:3000,549,1,0
BRDA:3003,550,0,0
BRDA:3003,550,1,0
BRDA:3006,551,0,0
BRDA:3006,551,1,0
BRDA:3009,552,0,0
BRDA:3009,552,1,0
BRDA:3012,553,0,0
BRDA:3012,553,1,0
BRDA:3015,554,0,0
BRDA:3015,554,1,0
BRDA:3018,555,0,0
BRDA:3018,555,1,0
BRDA:3021,556,0,0
BRDA:3021,556,1,0
BRDA:3037,557,0,0
BRDA:3037,557,1,0
BRDA:3040,558,0,0
BRDA:3040,558,1,0
BRDA:3043,559,0,0
BRDA:3043,559,1,0
BRDA:3046,560,0,0
BRDA:3046,560,1,0
BRDA:3049,561,0,0
BRDA:3049,561,1,0
BRDA:3052,562,0,0
BRDA:3052,562,1,0
BRDA:3055,563,0,0
BRDA:3055,563,1,0
BRDA:3058,564,0,0
BRDA:3058,564,1,0
BRDA:3066,565,0,0
BRDA:3066,565,1,0
BRDA:3067,566,0,0
BRDA:3067,566,1,0
BRDA:3069,567,0,0
BRDA:3069,567,1,0
BRDA:3071,568,0,0
BRDA:3071,568,1,0
BRDA:3073,569,0,0
BRDA:3073,569,1,0
BRDA:3075,570,0,0
BRDA:3075,570,1,0
BRDA:3077,571,0,0
BRDA:3077,571,1,0
BRDA:3079,572,0,0
BRDA:3079,572,1,0
BRDA:3081,573,0,0
BRDA:3081,573,1,0
BRDA:3083,574,0,0
BRDA:3083,574,1,0
BRDA:3087,575,0,0
BRDA:3087,575,1,0
BRDA:3089,576,0,0
BRDA:3089,576,1,0
BRDA:3091,577,0,0
BRDA:3091,577,1,0
BRDA:3091,577,2,0
BRDA:3091,577,3,0
BRDA:3091,577,4,0
BRDA:3091,577,5,0
BRDA:3091,577,6,0
BRDA:3091,577,7,0
BRDA:3091,577,8,0
BRDA:3134,578,0,0
BRDA:3134,578,1,0
BRDA:3135,579,0,0
BRDA:3135,579,1,0
BRDA:3135,580,0,0
BRDA:3135,580,1,0
BRDA:3136,581,0,0
BRDA:3136,581,1,0
BRDA:3136,582,0,0
BRDA:3136,582,1,0
BRDA:3151,583,0,0
BRDA:3151,583,1,0
BRDA:3160,584,0,0
BRDA:3160,584,1,0
BRDA:3168,585,0,0
BRDA:3168,585,1,0
BRDA:3169,586,0,0
BRDA:3169,586,1,0
BRDA:3171,587,0,0
BRDA:3171,587,1,0
BRDA:3175,588,0,0
BRDA:3175,588,1,0
BRDA:3177,589,0,0
BRDA:3177,589,1,0
BRDA:3179,590,0,0
BRDA:3179,590,1,0
BRDA:3201,591,0,0
BRDA:3201,591,1,0
BRDA:3202,592,0,0
BRDA:3202,592,1,0
BRDA:3202,593,0,0
BRDA:3202,593,1,0
BRDA:3203,594,0,0
BRDA:3203,594,1,0
BRDA:3203,595,0,0
BRDA:3203,595,1,0
BRDA:3218,596,0,0
BRDA:3218,596,1,0
BRDA:3227,597,0,0
BRDA:3227,597,1,0
BRDA:3235,598,0,0
BRDA:3235,598,1,0
BRDA:3236,599,0,0
BRDA:3236,599,1,0
BRDA:3238,600,0,0
BRDA:3238,600,1,0
BRDA:3242,601,0,0
BRDA:3242,601,1,0
BRDA:3244,602,0,0
BRDA:3244,602,1,0
BRDA:3246,603,0,0
BRDA:3246,603,1,0
BRDA:3266,604,0,0
BRDA:3266,604,1,0
BRDA:3267,605,0,0
BRDA:3267,605,1,0
BRDA:3267,606,0,0
BRDA:3267,606,1,0
BRDA:3280,607,0,0
BRDA:3280,607,1,0
BRDA:3281,608,0,0
BRDA:3281,608,1,0
BRDA:3285,609,0,0
BRDA:3285,609,1,0
BRDA:3287,610,0,0
BRDA:3287,610,1,0
BRDA:3289,611,0,0
BRDA:3306,612,0,0
BRDA:3306,612,1,0
BRDA:3307,613,0,0
BRDA:3307,613,1,0
BRDA:3307,614,0,0
BRDA:3307,614,1,0
BRDA:3320,615,0,0
BRDA:3320,615,1,0
BRDA:3321,616,0,0
BRDA:3321,616,1,0
BRDA:3325,617,0,0
BRDA:3325,617,1,0
BRDA:3327,618,0,0
BRDA:3327,618,1,0
BRDA:3329,619,0,0
BRDA:3346,620,0,0
BRDA:3346,620,1,0
BRDA:3347,621,0,0
BRDA:3347,621,1,0
BRDA:3347,622,0,0
BRDA:3347,622,1,0
BRDA:3360,623,0,0
BRDA:3360,623,1,0
BRDA:3361,624,0,0
BRDA:3361,624,1,0
BRDA:3365,625,0,0
BRDA:3365,625,1,0
BRDA:3367,626,0,0
BRDA:3367,626,1,0
BRDA:3369,627,0,0
BRDA:3386,628,0,0
BRDA:3386,628,1,0
BRDA:3387,629,0,0
BRDA:3387,629,1,0
BRDA:3387,630,0,0
BRDA:3387,630,1,0
BRDA:3400,631,0,0
BRDA:3400,631,1,0
BRDA:3401,632,0,0
BRDA:3401,632,1,0
BRDA:3405,633,0,0
BRDA:3405,633,1,0
BRDA:3407,634,0,0
BRDA:3407,634,1,0
BRDA:3409,635,0,0
BRDA:3432,636,0,0
BRDA:3432,636,1,0
BRDA:3433,637,0,0
BRDA:3433,637,1,0
BRDA:3433,638,0,0
BRDA:3433,638,1,0
BRDA:3434,639,0,0
BRDA:3434,639,1,0
BRDA:3434,640,0,0
BRDA:3434,640,1,0
BRDA:3437,641,0,0
BRDA:3437,641,1,0
BRDA:3437,642,0,0
BRDA:3437,642,1,0
BRDA:3440,643,0,0
BRDA:3440,643,1,0
BRDA:3440,644,0,0
BRDA:3440,644,1,0
BRDA:3443,645,0,0
BRDA:3443,645,1,0
BRDA:3443,646,0,0
BRDA:3443,646,1,0
BRDA:3446,647,0,0
BRDA:3446,647,1,0
BRDA:3446,648,0,0
BRDA:3446,648,1,0
BRDA:3495,649,0,0
BRDA:3495,649,1,0
BRDA:3498,650,0,0
BRDA:3498,650,1,0
BRDA:3501,651,0,0
BRDA:3501,651,1,0
BRDA:3504,652,0,0
BRDA:3504,652,1,0
BRDA:3507,653,0,0
BRDA:3507,653,1,0
BRDA:3520,654,0,0
BRDA:3520,654,1,0
BRDA:3523,655,0,0
BRDA:3523,655,1,0
BRDA:3526,656,0,0
BRDA:3526,656,1,0
BRDA:3529,657,0,0
BRDA:3529,657,1,0
BRDA:3532,658,0,0
BRDA:3532,658,1,0
BRDA:3540,659,0,0
BRDA:3540,659,1,0
BRDA:3541,660,0,0
BRDA:3541,660,1,0
BRDA:3543,661,0,0
BRDA:3543,661,1,0
BRDA:3545,662,0,0
BRDA:3545,662,1,0
BRDA:3547,663,0,0
BRDA:3547,663,1,0
BRDA:3549,664,0,0
BRDA:3549,664,1,0
BRDA:3551,665,0,0
BRDA:3551,665,1,0
BRDA:3555,666,0,0
BRDA:3555,666,1,0
BRDA:3557,667,0,0
BRDA:3557,667,1,0
BRDA:3559,668,0,0
BRDA:3559,668,1,0
BRDA:3559,668,2,0
BRDA:3559,668,3,0
BRDA:3559,668,4,0
BRDA:3559,668,5,0
BRDA:9,669,0,0
BRDA:9,669,1,0
BRDA:9,670,0,0
BRDA:9,670,1,0
BRDA:9,671,0,0
BRDA:9,671,1,0
BRDA:9,672,0,0
BRDA:9,672,1,0
BRDA:9,673,0,0
BRDA:9,673,1,0
BRF:1393
BRH:0
end_of_record
TN:
SF:src/google/protobuf/timestamp.ts
FN:7,(anonymous_0)
FN:7,(anonymous_1)
FN:10,(anonymous_2)
FN:25,(anonymous_3)
FN:28,(anonymous_4)
FN:31,(anonymous_5)
FN:34,(anonymous_6)
FN:37,(anonymous_7)
FN:50,(anonymous_8)
FN:65,(anonymous_9)
FN:74,(anonymous_10)
FN:91,(anonymous_11)
FN:94,(anonymous_12)
FNF:13
FNH:0
FNDA:0,(anonymous_0)
FNDA:0,(anonymous_1)
FNDA:0,(anonymous_2)
FNDA:0,(anonymous_3)
FNDA:0,(anonymous_4)
FNDA:0,(anonymous_5)
FNDA:0,(anonymous_6)
FNDA:0,(anonymous_7)
FNDA:0,(anonymous_8)
FNDA:0,(anonymous_9)
FNDA:0,(anonymous_10)
FNDA:0,(anonymous_11)
FNDA:0,(anonymous_12)
DA:7,0
DA:8,0
DA:9,0
DA:14,0
DA:15,0
DA:16,0
DA:17,0
DA:18,0
DA:20,0
DA:21,0
DA:26,0
DA:29,0
DA:32,0
DA:35,0
DA:41,0
DA:42,0
DA:43,0
DA:45,0
DA:46,0
DA:48,0
DA:54,0
DA:55,0
DA:56,0
DA:58,0
DA:59,0
DA:61,0
DA:66,0
DA:67,0
DA:68,0
DA:69,0
DA:70,0
DA:71,0
DA:72,0
DA:75,0
DA:76,0
DA:77,0
DA:78,0
DA:79,0
DA:81,0
DA:82,0
DA:84,0
DA:85,0
DA:86,0
DA:89,0
DA:92,0
DA:95,0
LF:46
LH:0
BRDA:15,0,0,0
BRDA:15,0,1,0
BRDA:16,1,0,0
BRDA:16,1,1,0
BRDA:16,2,0,0
BRDA:16,2,1,0
BRDA:17,3,0,0
BRDA:17,3,1,0
BRDA:17,4,0,0
BRDA:17,4,1,0
BRDA:20,5,0,0
BRDA:20,5,1,0
BRDA:20,6,0,0
BRDA:20,6,1,0
BRDA:42,7,0,0
BRDA:42,7,1,0
BRDA:45,8,0,0
BRDA:45,8,1,0
BRDA:55,9,0,0
BRDA:55,9,1,0
BRDA:58,10,0,0
BRDA:58,10,1,0
BRDA:66,11,0,0
BRDA:66,11,1,0
BRDA:67,12,0,0
BRDA:67,12,1,0
BRDA:69,13,0,0
BRDA:69,13,1,0
BRDA:71,14,0,0
BRDA:71,14,1,0
BRDA:75,15,0,0
BRDA:75,15,1,0
BRDA:77,16,0,0
BRDA:77,16,1,0
BRDA:79,17,0,0
BRDA:79,17,1,0
BRDA:79,17,2,0
BRDA:7,18,0,0
BRDA:7,18,1,0
BRDA:7,19,0,0
BRDA:7,19,1,0
BRF:41
BRH:0
end_of_record
